{"/home/ruanlopes/Documentos/gestao-de-estoque/src/models/Produto.js": {"path":"/home/ruanlopes/Documentos/gestao-de-estoque/src/models/Produto.js","statementMap":{"0":{"start":{"line":9,"column":30},"end":{"line":28,"column":9}},"1":{"start":{"line":29,"column":8},"end":{"line":29,"column":47}},"2":{"start":{"line":30,"column":8},"end":{"line":30,"column":63}}},"fnMap":{"0":{"name":"(anonymous_0)","decl":{"start":{"line":8,"column":4},"end":{"line":8,"column":5}},"loc":{"start":{"line":8,"column":18},"end":{"line":31,"column":5}},"line":8}},"branchMap":{},"s":{"0":1,"1":1,"2":1},"f":{"0":1},"b":{},"_coverageSchema":"1a1c01bbd47fc00a2c39e90264f33305004495a9","hash":"f21165efc36e0a0d058ed5b8ac2de72611c00dec"}
}
