{"/home/ruanlopes/Documentos/gestao-de-estoque/src/controllers/ProdutoController.js": {"path":"/home/ruanlopes/Documentos/gestao-de-estoque/src/controllers/ProdutoController.js","statementMap":{"0":{"start":{"line":8,"column":8},"end":{"line":8,"column":44}},"1":{"start":{"line":12,"column":8},"end":{"line":12,"column":68}},"2":{"start":{"line":14,"column":8},"end":{"line":42,"column":9}},"3":{"start":{"line":15,"column":27},"end":{"line":15,"column":43}},"4":{"start":{"line":16,"column":12},"end":{"line":18,"column":13}},"5":{"start":{"line":17,"column":16},"end":{"line":17,"column":42}},"6":{"start":{"line":20,"column":26},"end":{"line":20,"column":41}},"7":{"start":{"line":21,"column":12},"end":{"line":23,"column":13}},"8":{"start":{"line":22,"column":16},"end":{"line":22,"column":59}},"9":{"start":{"line":25,"column":25},"end":{"line":25,"column":63}},"10":{"start":{"line":28,"column":12},"end":{"line":37,"column":13}},"11":{"start":{"line":29,"column":16},"end":{"line":36,"column":18}},"12":{"start":{"line":39,"column":12},"end":{"line":39,"column":53}},"13":{"start":{"line":41,"column":12},"end":{"line":41,"column":52}},"14":{"start":{"line":46,"column":8},"end":{"line":46,"column":72}},"15":{"start":{"line":48,"column":8},"end":{"line":67,"column":9}},"16":{"start":{"line":49,"column":27},"end":{"line":49,"column":43}},"17":{"start":{"line":52,"column":12},"end":{"line":52,"column":38}},"18":{"start":{"line":53,"column":25},"end":{"line":53,"column":66}},"19":{"start":{"line":54,"column":12},"end":{"line":54,"column":93}},"20":{"start":{"line":56,"column":12},"end":{"line":65,"column":13}},"21":{"start":{"line":57,"column":16},"end":{"line":64,"column":18}},"22":{"start":{"line":66,"column":12},"end":{"line":66,"column":52}},"23":{"start":{"line":71,"column":8},"end":{"line":71,"column":68}},"24":{"start":{"line":72,"column":8},"end":{"line":72,"column":48}},"25":{"start":{"line":74,"column":8},"end":{"line":121,"column":9}},"26":{"start":{"line":75,"column":26},"end":{"line":75,"column":41}},"27":{"start":{"line":76,"column":25},"end":{"line":76,"column":50}},"28":{"start":{"line":77,"column":27},"end":{"line":77,"column":70}},"29":{"start":{"line":79,"column":23},"end":{"line":79,"column":27}},"30":{"start":{"line":80,"column":29},"end":{"line":80,"column":33}},"31":{"start":{"line":83,"column":12},"end":{"line":103,"column":13}},"32":{"start":{"line":84,"column":16},"end":{"line":84,"column":36}},"33":{"start":{"line":85,"column":16},"end":{"line":85,"column":90}},"34":{"start":{"line":86,"column":19},"end":{"line":103,"column":13}},"35":{"start":{"line":87,"column":16},"end":{"line":87,"column":41}},"36":{"start":{"line":88,"column":16},"end":{"line":88,"column":100}},"37":{"start":{"line":89,"column":19},"end":{"line":103,"column":13}},"38":{"start":{"line":90,"column":16},"end":{"line":90,"column":38}},"39":{"start":{"line":91,"column":16},"end":{"line":91,"column":94}},"40":{"start":{"line":92,"column":19},"end":{"line":103,"column":13}},"41":{"start":{"line":93,"column":16},"end":{"line":93,"column":42}},"42":{"start":{"line":94,"column":16},"end":{"line":94,"column":108}},"43":{"start":{"line":96,"column":16},"end":{"line":102,"column":19}},"44":{"start":{"line":106,"column":12},"end":{"line":115,"column":13}},"45":{"start":{"line":107,"column":16},"end":{"line":114,"column":18}},"46":{"start":{"line":117,"column":12},"end":{"line":117,"column":95}},"47":{"start":{"line":119,"column":12},"end":{"line":119,"column":63}},"48":{"start":{"line":120,"column":12},"end":{"line":120,"column":52}},"49":{"start":{"line":125,"column":8},"end":{"line":125,"column":70}},"50":{"start":{"line":127,"column":8},"end":{"line":133,"column":9}},"51":{"start":{"line":128,"column":31},"end":{"line":128,"column":60}},"52":{"start":{"line":129,"column":25},"end":{"line":129,"column":72}},"53":{"start":{"line":130,"column":12},"end":{"line":130,"column":118}},"54":{"start":{"line":132,"column":12},"end":{"line":132,"column":52}},"55":{"start":{"line":137,"column":8},"end":{"line":137,"column":70}},"56":{"start":{"line":138,"column":8},"end":{"line":138,"column":75}},"57":{"start":{"line":139,"column":8},"end":{"line":139,"column":53}},"58":{"start":{"line":141,"column":8},"end":{"line":183,"column":9}},"59":{"start":{"line":142,"column":27},"end":{"line":142,"column":37}},"60":{"start":{"line":143,"column":12},"end":{"line":151,"column":13}},"61":{"start":{"line":144,"column":16},"end":{"line":150,"column":19}},"62":{"start":{"line":153,"column":12},"end":{"line":153,"column":38}},"63":{"start":{"line":155,"column":37},"end":{"line":155,"column":45}},"64":{"start":{"line":158,"column":12},"end":{"line":166,"column":13}},"65":{"start":{"line":159,"column":16},"end":{"line":165,"column":19}},"66":{"start":{"line":168,"column":12},"end":{"line":168,"column":67}},"67":{"start":{"line":170,"column":38},"end":{"line":170,"column":95}},"68":{"start":{"line":172,"column":12},"end":{"line":172,"column":66}},"69":{"start":{"line":174,"column":12},"end":{"line":179,"column":14}},"70":{"start":{"line":181,"column":12},"end":{"line":181,"column":63}},"71":{"start":{"line":182,"column":12},"end":{"line":182,"column":52}},"72":{"start":{"line":187,"column":8},"end":{"line":187,"column":68}},"73":{"start":{"line":189,"column":8},"end":{"line":227,"column":9}},"74":{"start":{"line":190,"column":27},"end":{"line":190,"column":43}},"75":{"start":{"line":191,"column":12},"end":{"line":199,"column":13}},"76":{"start":{"line":192,"column":16},"end":{"line":198,"column":19}},"77":{"start":{"line":201,"column":12},"end":{"line":211,"column":13}},"78":{"start":{"line":202,"column":16},"end":{"line":202,"column":42}},"79":{"start":{"line":204,"column":16},"end":{"line":210,"column":19}},"80":{"start":{"line":213,"column":25},"end":{"line":213,"column":62}},"81":{"start":{"line":214,"column":12},"end":{"line":214,"column":91}},"82":{"start":{"line":216,"column":12},"end":{"line":225,"column":13}},"83":{"start":{"line":217,"column":16},"end":{"line":224,"column":18}},"84":{"start":{"line":226,"column":12},"end":{"line":226,"column":52}},"85":{"start":{"line":231,"column":8},"end":{"line":231,"column":72}},"86":{"start":{"line":233,"column":8},"end":{"line":251,"column":9}},"87":{"start":{"line":234,"column":25},"end":{"line":234,"column":64}},"88":{"start":{"line":237,"column":12},"end":{"line":246,"column":13}},"89":{"start":{"line":238,"column":16},"end":{"line":245,"column":18}},"90":{"start":{"line":248,"column":12},"end":{"line":248,"column":98}},"91":{"start":{"line":250,"column":12},"end":{"line":250,"column":52}},"92":{"start":{"line":255,"column":8},"end":{"line":255,"column":70}},"93":{"start":{"line":257,"column":8},"end":{"line":295,"column":9}},"94":{"start":{"line":258,"column":27},"end":{"line":258,"column":43}},"95":{"start":{"line":259,"column":12},"end":{"line":267,"column":13}},"96":{"start":{"line":260,"column":16},"end":{"line":266,"column":19}},"97":{"start":{"line":269,"column":12},"end":{"line":279,"column":13}},"98":{"start":{"line":270,"column":16},"end":{"line":270,"column":42}},"99":{"start":{"line":272,"column":16},"end":{"line":278,"column":19}},"100":{"start":{"line":281,"column":25},"end":{"line":281,"column":64}},"101":{"start":{"line":282,"column":12},"end":{"line":282,"column":93}},"102":{"start":{"line":284,"column":12},"end":{"line":293,"column":13}},"103":{"start":{"line":285,"column":16},"end":{"line":292,"column":18}},"104":{"start":{"line":294,"column":12},"end":{"line":294,"column":52}},"105":{"start":{"line":299,"column":8},"end":{"line":299,"column":69}},"106":{"start":{"line":301,"column":8},"end":{"line":339,"column":9}},"107":{"start":{"line":302,"column":27},"end":{"line":302,"column":43}},"108":{"start":{"line":303,"column":12},"end":{"line":311,"column":13}},"109":{"start":{"line":304,"column":16},"end":{"line":310,"column":19}},"110":{"start":{"line":313,"column":12},"end":{"line":323,"column":13}},"111":{"start":{"line":314,"column":16},"end":{"line":314,"column":42}},"112":{"start":{"line":316,"column":16},"end":{"line":322,"column":19}},"113":{"start":{"line":325,"column":25},"end":{"line":325,"column":63}},"114":{"start":{"line":326,"column":12},"end":{"line":326,"column":92}},"115":{"start":{"line":328,"column":12},"end":{"line":337,"column":13}},"116":{"start":{"line":329,"column":16},"end":{"line":336,"column":18}},"117":{"start":{"line":338,"column":12},"end":{"line":338,"column":52}}},"fnMap":{"0":{"name":"(anonymous_0)","decl":{"start":{"line":7,"column":4},"end":{"line":7,"column":5}},"loc":{"start":{"line":7,"column":18},"end":{"line":9,"column":5}},"line":7},"1":{"name":"(anonymous_1)","decl":{"start":{"line":11,"column":4},"end":{"line":11,"column":5}},"loc":{"start":{"line":11,"column":35},"end":{"line":43,"column":5}},"line":11},"2":{"name":"(anonymous_2)","decl":{"start":{"line":45,"column":4},"end":{"line":45,"column":5}},"loc":{"start":{"line":45,"column":39},"end":{"line":68,"column":5}},"line":45},"3":{"name":"(anonymous_3)","decl":{"start":{"line":70,"column":4},"end":{"line":70,"column":5}},"loc":{"start":{"line":70,"column":35},"end":{"line":122,"column":5}},"line":70},"4":{"name":"(anonymous_4)","decl":{"start":{"line":124,"column":4},"end":{"line":124,"column":5}},"loc":{"start":{"line":124,"column":37},"end":{"line":134,"column":5}},"line":124},"5":{"name":"(anonymous_5)","decl":{"start":{"line":136,"column":4},"end":{"line":136,"column":5}},"loc":{"start":{"line":136,"column":37},"end":{"line":184,"column":5}},"line":136},"6":{"name":"(anonymous_6)","decl":{"start":{"line":186,"column":4},"end":{"line":186,"column":5}},"loc":{"start":{"line":186,"column":35},"end":{"line":228,"column":5}},"line":186},"7":{"name":"(anonymous_7)","decl":{"start":{"line":230,"column":4},"end":{"line":230,"column":5}},"loc":{"start":{"line":230,"column":39},"end":{"line":252,"column":5}},"line":230},"8":{"name":"(anonymous_8)","decl":{"start":{"line":254,"column":4},"end":{"line":254,"column":5}},"loc":{"start":{"line":254,"column":37},"end":{"line":296,"column":5}},"line":254},"9":{"name":"(anonymous_9)","decl":{"start":{"line":298,"column":4},"end":{"line":298,"column":5}},"loc":{"start":{"line":298,"column":36},"end":{"line":340,"column":5}},"line":298}},"branchMap":{"0":{"loc":{"start":{"line":15,"column":27},"end":{"line":15,"column":43}},"type":"binary-expr","locations":[{"start":{"line":15,"column":27},"end":{"line":15,"column":37}},{"start":{"line":15,"column":41},"end":{"line":15,"column":43}}],"line":15},"1":{"loc":{"start":{"line":16,"column":12},"end":{"line":18,"column":13}},"type":"if","locations":[{"start":{"line":16,"column":12},"end":{"line":18,"column":13}},{"start":{},"end":{}}],"line":16},"2":{"loc":{"start":{"line":20,"column":26},"end":{"line":20,"column":41}},"type":"binary-expr","locations":[{"start":{"line":20,"column":26},"end":{"line":20,"column":35}},{"start":{"line":20,"column":39},"end":{"line":20,"column":41}}],"line":20},"3":{"loc":{"start":{"line":21,"column":12},"end":{"line":23,"column":13}},"type":"if","locations":[{"start":{"line":21,"column":12},"end":{"line":23,"column":13}},{"start":{},"end":{}}],"line":21},"4":{"loc":{"start":{"line":28,"column":12},"end":{"line":37,"column":13}},"type":"if","locations":[{"start":{"line":28,"column":12},"end":{"line":37,"column":13}},{"start":{},"end":{}}],"line":28},"5":{"loc":{"start":{"line":28,"column":16},"end":{"line":28,"column":51}},"type":"binary-expr","locations":[{"start":{"line":28,"column":16},"end":{"line":28,"column":25}},{"start":{"line":28,"column":29},"end":{"line":28,"column":51}}],"line":28},"6":{"loc":{"start":{"line":49,"column":27},"end":{"line":49,"column":43}},"type":"binary-expr","locations":[{"start":{"line":49,"column":27},"end":{"line":49,"column":37}},{"start":{"line":49,"column":41},"end":{"line":49,"column":43}}],"line":49},"7":{"loc":{"start":{"line":56,"column":12},"end":{"line":65,"column":13}},"type":"if","locations":[{"start":{"line":56,"column":12},"end":{"line":65,"column":13}},{"start":{},"end":{}}],"line":56},"8":{"loc":{"start":{"line":56,"column":16},"end":{"line":56,"column":79}},"type":"binary-expr","locations":[{"start":{"line":56,"column":16},"end":{"line":56,"column":40}},{"start":{"line":56,"column":44},"end":{"line":56,"column":79}}],"line":56},"9":{"loc":{"start":{"line":75,"column":26},"end":{"line":75,"column":41}},"type":"binary-expr","locations":[{"start":{"line":75,"column":26},"end":{"line":75,"column":35}},{"start":{"line":75,"column":39},"end":{"line":75,"column":41}}],"line":75},"10":{"loc":{"start":{"line":76,"column":25},"end":{"line":76,"column":50}},"type":"binary-expr","locations":[{"start":{"line":76,"column":25},"end":{"line":76,"column":45}},{"start":{"line":76,"column":49},"end":{"line":76,"column":50}}],"line":76},"11":{"loc":{"start":{"line":77,"column":36},"end":{"line":77,"column":64}},"type":"binary-expr","locations":[{"start":{"line":77,"column":36},"end":{"line":77,"column":58}},{"start":{"line":77,"column":62},"end":{"line":77,"column":64}}],"line":77},"12":{"loc":{"start":{"line":83,"column":12},"end":{"line":103,"column":13}},"type":"if","locations":[{"start":{"line":83,"column":12},"end":{"line":103,"column":13}},{"start":{"line":86,"column":19},"end":{"line":103,"column":13}}],"line":83},"13":{"loc":{"start":{"line":86,"column":19},"end":{"line":103,"column":13}},"type":"if","locations":[{"start":{"line":86,"column":19},"end":{"line":103,"column":13}},{"start":{"line":89,"column":19},"end":{"line":103,"column":13}}],"line":86},"14":{"loc":{"start":{"line":89,"column":19},"end":{"line":103,"column":13}},"type":"if","locations":[{"start":{"line":89,"column":19},"end":{"line":103,"column":13}},{"start":{"line":92,"column":19},"end":{"line":103,"column":13}}],"line":89},"15":{"loc":{"start":{"line":92,"column":19},"end":{"line":103,"column":13}},"type":"if","locations":[{"start":{"line":92,"column":19},"end":{"line":103,"column":13}},{"start":{"line":95,"column":19},"end":{"line":103,"column":13}}],"line":92},"16":{"loc":{"start":{"line":106,"column":12},"end":{"line":115,"column":13}},"type":"if","locations":[{"start":{"line":106,"column":12},"end":{"line":115,"column":13}},{"start":{},"end":{}}],"line":106},"17":{"loc":{"start":{"line":106,"column":16},"end":{"line":106,"column":51}},"type":"binary-expr","locations":[{"start":{"line":106,"column":16},"end":{"line":106,"column":25}},{"start":{"line":106,"column":29},"end":{"line":106,"column":51}}],"line":106},"18":{"loc":{"start":{"line":143,"column":12},"end":{"line":151,"column":13}},"type":"if","locations":[{"start":{"line":143,"column":12},"end":{"line":151,"column":13}},{"start":{},"end":{}}],"line":143},"19":{"loc":{"start":{"line":158,"column":12},"end":{"line":166,"column":13}},"type":"if","locations":[{"start":{"line":158,"column":12},"end":{"line":166,"column":13}},{"start":{},"end":{}}],"line":158},"20":{"loc":{"start":{"line":190,"column":27},"end":{"line":190,"column":43}},"type":"binary-expr","locations":[{"start":{"line":190,"column":27},"end":{"line":190,"column":37}},{"start":{"line":190,"column":41},"end":{"line":190,"column":43}}],"line":190},"21":{"loc":{"start":{"line":191,"column":12},"end":{"line":199,"column":13}},"type":"if","locations":[{"start":{"line":191,"column":12},"end":{"line":199,"column":13}},{"start":{},"end":{}}],"line":191},"22":{"loc":{"start":{"line":216,"column":12},"end":{"line":225,"column":13}},"type":"if","locations":[{"start":{"line":216,"column":12},"end":{"line":225,"column":13}},{"start":{},"end":{}}],"line":216},"23":{"loc":{"start":{"line":237,"column":12},"end":{"line":246,"column":13}},"type":"if","locations":[{"start":{"line":237,"column":12},"end":{"line":246,"column":13}},{"start":{},"end":{}}],"line":237},"24":{"loc":{"start":{"line":237,"column":16},"end":{"line":237,"column":42}},"type":"binary-expr","locations":[{"start":{"line":237,"column":16},"end":{"line":237,"column":21}},{"start":{"line":237,"column":25},"end":{"line":237,"column":42}}],"line":237},"25":{"loc":{"start":{"line":258,"column":27},"end":{"line":258,"column":43}},"type":"binary-expr","locations":[{"start":{"line":258,"column":27},"end":{"line":258,"column":37}},{"start":{"line":258,"column":41},"end":{"line":258,"column":43}}],"line":258},"26":{"loc":{"start":{"line":259,"column":12},"end":{"line":267,"column":13}},"type":"if","locations":[{"start":{"line":259,"column":12},"end":{"line":267,"column":13}},{"start":{},"end":{}}],"line":259},"27":{"loc":{"start":{"line":284,"column":12},"end":{"line":293,"column":13}},"type":"if","locations":[{"start":{"line":284,"column":12},"end":{"line":293,"column":13}},{"start":{},"end":{}}],"line":284},"28":{"loc":{"start":{"line":302,"column":27},"end":{"line":302,"column":43}},"type":"binary-expr","locations":[{"start":{"line":302,"column":27},"end":{"line":302,"column":37}},{"start":{"line":302,"column":41},"end":{"line":302,"column":43}}],"line":302},"29":{"loc":{"start":{"line":303,"column":12},"end":{"line":311,"column":13}},"type":"if","locations":[{"start":{"line":303,"column":12},"end":{"line":311,"column":13}},{"start":{},"end":{}}],"line":303},"30":{"loc":{"start":{"line":328,"column":12},"end":{"line":337,"column":13}},"type":"if","locations":[{"start":{"line":328,"column":12},"end":{"line":337,"column":13}},{"start":{},"end":{}}],"line":328}},"s":{"0":38,"1":5,"2":5,"3":5,"4":5,"5":1,"6":5,"7":5,"8":1,"9":5,"10":4,"11":1,"12":3,"13":1,"14":3,"15":3,"16":3,"17":3,"18":3,"19":1,"20":2,"21":1,"22":1,"23":7,"24":7,"25":7,"26":7,"27":7,"28":7,"29":7,"30":7,"31":7,"32":3,"33":3,"34":4,"35":1,"36":1,"37":3,"38":1,"39":1,"40":2,"41":1,"42":1,"43":1,"44":5,"45":1,"46":4,"47":2,"48":2,"49":3,"50":3,"51":3,"52":2,"53":1,"54":2,"55":5,"56":5,"57":5,"58":5,"59":5,"60":5,"61":1,"62":4,"63":4,"64":4,"65":1,"66":3,"67":2,"68":1,"69":1,"70":4,"71":4,"72":4,"73":4,"74":4,"75":4,"76":1,"77":3,"78":3,"79":1,"80":2,"81":1,"82":3,"83":1,"84":2,"85":3,"86":3,"87":3,"88":2,"89":1,"90":1,"91":1,"92":4,"93":4,"94":4,"95":4,"96":1,"97":3,"98":3,"99":1,"100":2,"101":1,"102":3,"103":1,"104":2,"105":4,"106":4,"107":4,"108":4,"109":1,"110":3,"111":3,"112":1,"113":2,"114":1,"115":3,"116":1,"117":2},"f":{"0":38,"1":5,"2":3,"3":7,"4":3,"5":5,"6":4,"7":3,"8":4,"9":4},"b":{"0":[5,0],"1":[1,4],"2":[5,0],"3":[1,4],"4":[1,3],"5":[4,3],"6":[3,0],"7":[1,1],"8":[2,1],"9":[7,0],"10":[7,7],"11":[7,7],"12":[3,4],"13":[1,3],"14":[1,2],"15":[1,1],"16":[1,4],"17":[5,5],"18":[1,4],"19":[1,3],"20":[4,0],"21":[1,3],"22":[1,2],"23":[1,1],"24":[2,2],"25":[4,0],"26":[1,3],"27":[1,2],"28":[4,0],"29":[1,3],"30":[1,2]},"_coverageSchema":"1a1c01bbd47fc00a2c39e90264f33305004495a9","hash":"2d0b69cb8c6a925a3f187a798f48d32fbf25b070"}
,"/home/ruanlopes/Documentos/gestao-de-estoque/src/middlewares/asyncWrapper.js": {"path":"/home/ruanlopes/Documentos/gestao-de-estoque/src/middlewares/asyncWrapper.js","statementMap":{"0":{"start":{"line":3,"column":21},"end":{"line":7,"column":1}},"1":{"start":{"line":4,"column":4},"end":{"line":6,"column":6}},"2":{"start":{"line":5,"column":8},"end":{"line":5,"column":61}}},"fnMap":{"0":{"name":"(anonymous_0)","decl":{"start":{"line":3,"column":21},"end":{"line":3,"column":22}},"loc":{"start":{"line":3,"column":34},"end":{"line":7,"column":1}},"line":3},"1":{"name":"(anonymous_1)","decl":{"start":{"line":4,"column":11},"end":{"line":4,"column":12}},"loc":{"start":{"line":4,"column":31},"end":{"line":6,"column":5}},"line":4}},"branchMap":{},"s":{"0":5,"1":0,"2":0},"f":{"0":0,"1":0},"b":{},"_coverageSchema":"1a1c01bbd47fc00a2c39e90264f33305004495a9","hash":"db33298b7eb31a5464e4e87bcb3a0d6a3d1c7218"}
,"/home/ruanlopes/Documentos/gestao-de-estoque/src/models/Produto.js": {"path":"/home/ruanlopes/Documentos/gestao-de-estoque/src/models/Produto.js","statementMap":{"0":{"start":{"line":7,"column":30},"end":{"line":26,"column":9}},"1":{"start":{"line":27,"column":8},"end":{"line":27,"column":47}},"2":{"start":{"line":28,"column":8},"end":{"line":28,"column":63}}},"fnMap":{"0":{"name":"(anonymous_0)","decl":{"start":{"line":6,"column":4},"end":{"line":6,"column":5}},"loc":{"start":{"line":6,"column":18},"end":{"line":29,"column":5}},"line":6}},"branchMap":{},"s":{"0":2,"1":2,"2":2},"f":{"0":2},"b":{},"_coverageSchema":"1a1c01bbd47fc00a2c39e90264f33305004495a9","hash":"6b8c54dcd1bfa3301934ab04057671960f9e27c2"}
,"/home/ruanlopes/Documentos/gestao-de-estoque/src/models/Usuario.js": {"path":"/home/ruanlopes/Documentos/gestao-de-estoque/src/models/Usuario.js","statementMap":{"0":{"start":{"line":6,"column":30},"end":{"line":24,"column":9}},"1":{"start":{"line":25,"column":8},"end":{"line":25,"column":47}},"2":{"start":{"line":26,"column":8},"end":{"line":26,"column":63}}},"fnMap":{"0":{"name":"(anonymous_0)","decl":{"start":{"line":5,"column":4},"end":{"line":5,"column":5}},"loc":{"start":{"line":5,"column":18},"end":{"line":27,"column":5}},"line":5}},"branchMap":{},"s":{"0":1,"1":1,"2":1},"f":{"0":1},"b":{},"_coverageSchema":"1a1c01bbd47fc00a2c39e90264f33305004495a9","hash":"b8b8658e221a92186303284c03c29665b70afa46"}
,"/home/ruanlopes/Documentos/gestao-de-estoque/src/repositories/produtoRepository.js": {"path":"/home/ruanlopes/Documentos/gestao-de-estoque/src/repositories/produtoRepository.js","statementMap":{"0":{"start":{"line":8,"column":8},"end":{"line":8,"column":27}},"1":{"start":{"line":12,"column":8},"end":{"line":12,"column":60}},"2":{"start":{"line":14,"column":19},"end":{"line":14,"column":52}},"3":{"start":{"line":16,"column":8},"end":{"line":31,"column":9}},"4":{"start":{"line":17,"column":25},"end":{"line":18,"column":42}},"5":{"start":{"line":20,"column":12},"end":{"line":28,"column":13}},"6":{"start":{"line":21,"column":16},"end":{"line":27,"column":19}},"7":{"start":{"line":30,"column":12},"end":{"line":30,"column":24}},"8":{"start":{"line":34,"column":102},"end":{"line":34,"column":117}},"9":{"start":{"line":35,"column":23},"end":{"line":35,"column":75}},"10":{"start":{"line":37,"column":24},"end":{"line":37,"column":26}},"11":{"start":{"line":39,"column":8},"end":{"line":42,"column":9}},"12":{"start":{"line":40,"column":12},"end":{"line":40,"column":75}},"13":{"start":{"line":41,"column":12},"end":{"line":41,"column":72}},"14":{"start":{"line":44,"column":8},"end":{"line":47,"column":9}},"15":{"start":{"line":45,"column":12},"end":{"line":45,"column":69}},"16":{"start":{"line":46,"column":12},"end":{"line":46,"column":74}},"17":{"start":{"line":49,"column":8},"end":{"line":52,"column":9}},"18":{"start":{"line":50,"column":12},"end":{"line":50,"column":79}},"19":{"start":{"line":51,"column":12},"end":{"line":51,"column":76}},"20":{"start":{"line":54,"column":8},"end":{"line":58,"column":9}},"21":{"start":{"line":56,"column":12},"end":{"line":56,"column":60}},"22":{"start":{"line":57,"column":12},"end":{"line":57,"column":85}},"23":{"start":{"line":61,"column":8},"end":{"line":96,"column":9}},"24":{"start":{"line":64,"column":31},"end":{"line":64,"column":61}},"25":{"start":{"line":65,"column":33},"end":{"line":67,"column":28}},"26":{"start":{"line":70,"column":12},"end":{"line":95,"column":13}},"27":{"start":{"line":71,"column":38},"end":{"line":75,"column":18}},"28":{"start":{"line":73,"column":35},"end":{"line":73,"column":67}},"29":{"start":{"line":74,"column":20},"end":{"line":74,"column":55}},"30":{"start":{"line":78,"column":16},"end":{"line":78,"column":63}},"31":{"start":{"line":79,"column":16},"end":{"line":79,"column":128}},"32":{"start":{"line":82,"column":16},"end":{"line":82,"column":93}},"33":{"start":{"line":83,"column":16},"end":{"line":94,"column":18}},"34":{"start":{"line":98,"column":24},"end":{"line":103,"column":9}},"35":{"start":{"line":105,"column":8},"end":{"line":105,"column":51}},"36":{"start":{"line":106,"column":26},"end":{"line":106,"column":69}},"37":{"start":{"line":107,"column":8},"end":{"line":107,"column":25}},"38":{"start":{"line":111,"column":24},"end":{"line":111,"column":53}},"39":{"start":{"line":112,"column":8},"end":{"line":120,"column":9}},"40":{"start":{"line":113,"column":12},"end":{"line":119,"column":15}},"41":{"start":{"line":121,"column":8},"end":{"line":121,"column":23}},"42":{"start":{"line":125,"column":33},"end":{"line":125,"column":106}},"43":{"start":{"line":126,"column":8},"end":{"line":134,"column":9}},"44":{"start":{"line":127,"column":12},"end":{"line":133,"column":15}},"45":{"start":{"line":136,"column":24},"end":{"line":136,"column":52}},"46":{"start":{"line":137,"column":8},"end":{"line":137,"column":36}},"47":{"start":{"line":141,"column":8},"end":{"line":141,"column":62}},"48":{"start":{"line":142,"column":8},"end":{"line":142,"column":84}},"49":{"start":{"line":145,"column":8},"end":{"line":153,"column":9}},"50":{"start":{"line":146,"column":12},"end":{"line":152,"column":15}},"51":{"start":{"line":155,"column":8},"end":{"line":170,"column":9}},"52":{"start":{"line":156,"column":37},"end":{"line":159,"column":14}},"53":{"start":{"line":161,"column":12},"end":{"line":169,"column":13}},"54":{"start":{"line":162,"column":16},"end":{"line":168,"column":19}},"55":{"start":{"line":173,"column":24},"end":{"line":177,"column":9}},"56":{"start":{"line":179,"column":8},"end":{"line":179,"column":80}},"57":{"start":{"line":181,"column":8},"end":{"line":189,"column":9}},"58":{"start":{"line":182,"column":12},"end":{"line":188,"column":15}},"59":{"start":{"line":191,"column":8},"end":{"line":191,"column":23}},"60":{"start":{"line":195,"column":24},"end":{"line":195,"column":62}},"61":{"start":{"line":196,"column":8},"end":{"line":204,"column":9}},"62":{"start":{"line":197,"column":12},"end":{"line":203,"column":15}},"63":{"start":{"line":205,"column":8},"end":{"line":205,"column":23}},"64":{"start":{"line":209,"column":8},"end":{"line":211,"column":32}},"65":{"start":{"line":215,"column":24},"end":{"line":219,"column":9}},"66":{"start":{"line":220,"column":8},"end":{"line":220,"column":23}},"67":{"start":{"line":224,"column":24},"end":{"line":228,"column":9}},"68":{"start":{"line":229,"column":8},"end":{"line":229,"column":23}}},"fnMap":{"0":{"name":"(anonymous_0)","decl":{"start":{"line":7,"column":4},"end":{"line":7,"column":5}},"loc":{"start":{"line":7,"column":42},"end":{"line":9,"column":5}},"line":7},"1":{"name":"(anonymous_1)","decl":{"start":{"line":11,"column":4},"end":{"line":11,"column":5}},"loc":{"start":{"line":11,"column":30},"end":{"line":108,"column":5}},"line":11},"2":{"name":"(anonymous_2)","decl":{"start":{"line":71,"column":55},"end":{"line":71,"column":56}},"loc":{"start":{"line":71,"column":60},"end":{"line":75,"column":17}},"line":71},"3":{"name":"(anonymous_3)","decl":{"start":{"line":110,"column":4},"end":{"line":110,"column":5}},"loc":{"start":{"line":110,"column":33},"end":{"line":122,"column":5}},"line":110},"4":{"name":"(anonymous_4)","decl":{"start":{"line":124,"column":4},"end":{"line":124,"column":5}},"loc":{"start":{"line":124,"column":41},"end":{"line":138,"column":5}},"line":124},"5":{"name":"(anonymous_5)","decl":{"start":{"line":140,"column":4},"end":{"line":140,"column":5}},"loc":{"start":{"line":140,"column":45},"end":{"line":192,"column":5}},"line":140},"6":{"name":"(anonymous_6)","decl":{"start":{"line":194,"column":4},"end":{"line":194,"column":5}},"loc":{"start":{"line":194,"column":29},"end":{"line":206,"column":5}},"line":194},"7":{"name":"(anonymous_7)","decl":{"start":{"line":208,"column":4},"end":{"line":208,"column":5}},"loc":{"start":{"line":208,"column":31},"end":{"line":212,"column":5}},"line":208},"8":{"name":"(anonymous_8)","decl":{"start":{"line":214,"column":4},"end":{"line":214,"column":5}},"loc":{"start":{"line":214,"column":31},"end":{"line":221,"column":5}},"line":214},"9":{"name":"(anonymous_9)","decl":{"start":{"line":223,"column":4},"end":{"line":223,"column":5}},"loc":{"start":{"line":223,"column":30},"end":{"line":230,"column":5}},"line":223}},"branchMap":{"0":{"loc":{"start":{"line":7,"column":16},"end":{"line":7,"column":40}},"type":"default-arg","locations":[{"start":{"line":7,"column":38},"end":{"line":7,"column":40}}],"line":7},"1":{"loc":{"start":{"line":7,"column":18},"end":{"line":7,"column":33}},"type":"default-arg","locations":[{"start":{"line":7,"column":26},"end":{"line":7,"column":33}}],"line":7},"2":{"loc":{"start":{"line":14,"column":19},"end":{"line":14,"column":52}},"type":"cond-expr","locations":[{"start":{"line":14,"column":32},"end":{"line":14,"column":45}},{"start":{"line":14,"column":48},"end":{"line":14,"column":52}}],"line":14},"3":{"loc":{"start":{"line":16,"column":8},"end":{"line":31,"column":9}},"type":"if","locations":[{"start":{"line":16,"column":8},"end":{"line":31,"column":9}},{"start":{},"end":{}}],"line":16},"4":{"loc":{"start":{"line":20,"column":12},"end":{"line":28,"column":13}},"type":"if","locations":[{"start":{"line":20,"column":12},"end":{"line":28,"column":13}},{"start":{},"end":{}}],"line":20},"5":{"loc":{"start":{"line":34,"column":89},"end":{"line":34,"column":97}},"type":"default-arg","locations":[{"start":{"line":34,"column":96},"end":{"line":34,"column":97}}],"line":34},"6":{"loc":{"start":{"line":34,"column":102},"end":{"line":34,"column":117}},"type":"binary-expr","locations":[{"start":{"line":34,"column":102},"end":{"line":34,"column":111}},{"start":{"line":34,"column":115},"end":{"line":34,"column":117}}],"line":34},"7":{"loc":{"start":{"line":35,"column":32},"end":{"line":35,"column":69}},"type":"binary-expr","locations":[{"start":{"line":35,"column":32},"end":{"line":35,"column":63}},{"start":{"line":35,"column":67},"end":{"line":35,"column":69}}],"line":35},"8":{"loc":{"start":{"line":39,"column":8},"end":{"line":42,"column":9}},"type":"if","locations":[{"start":{"line":39,"column":8},"end":{"line":42,"column":9}},{"start":{},"end":{}}],"line":39},"9":{"loc":{"start":{"line":44,"column":8},"end":{"line":47,"column":9}},"type":"if","locations":[{"start":{"line":44,"column":8},"end":{"line":47,"column":9}},{"start":{},"end":{}}],"line":44},"10":{"loc":{"start":{"line":49,"column":8},"end":{"line":52,"column":9}},"type":"if","locations":[{"start":{"line":49,"column":8},"end":{"line":52,"column":9}},{"start":{},"end":{}}],"line":49},"11":{"loc":{"start":{"line":54,"column":8},"end":{"line":58,"column":9}},"type":"if","locations":[{"start":{"line":54,"column":8},"end":{"line":58,"column":9}},{"start":{},"end":{}}],"line":54},"12":{"loc":{"start":{"line":61,"column":8},"end":{"line":96,"column":9}},"type":"if","locations":[{"start":{"line":61,"column":8},"end":{"line":96,"column":9}},{"start":{},"end":{}}],"line":61},"13":{"loc":{"start":{"line":70,"column":12},"end":{"line":95,"column":13}},"type":"if","locations":[{"start":{"line":70,"column":12},"end":{"line":95,"column":13}},{"start":{"line":80,"column":19},"end":{"line":95,"column":13}}],"line":70},"14":{"loc":{"start":{"line":112,"column":8},"end":{"line":120,"column":9}},"type":"if","locations":[{"start":{"line":112,"column":8},"end":{"line":120,"column":9}},{"start":{},"end":{}}],"line":112},"15":{"loc":{"start":{"line":126,"column":8},"end":{"line":134,"column":9}},"type":"if","locations":[{"start":{"line":126,"column":8},"end":{"line":134,"column":9}},{"start":{},"end":{}}],"line":126},"16":{"loc":{"start":{"line":145,"column":8},"end":{"line":153,"column":9}},"type":"if","locations":[{"start":{"line":145,"column":8},"end":{"line":153,"column":9}},{"start":{},"end":{}}],"line":145},"17":{"loc":{"start":{"line":155,"column":8},"end":{"line":170,"column":9}},"type":"if","locations":[{"start":{"line":155,"column":8},"end":{"line":170,"column":9}},{"start":{},"end":{}}],"line":155},"18":{"loc":{"start":{"line":161,"column":12},"end":{"line":169,"column":13}},"type":"if","locations":[{"start":{"line":161,"column":12},"end":{"line":169,"column":13}},{"start":{},"end":{}}],"line":161},"19":{"loc":{"start":{"line":179,"column":49},"end":{"line":179,"column":78}},"type":"cond-expr","locations":[{"start":{"line":179,"column":59},"end":{"line":179,"column":68}},{"start":{"line":179,"column":71},"end":{"line":179,"column":78}}],"line":179},"20":{"loc":{"start":{"line":181,"column":8},"end":{"line":189,"column":9}},"type":"if","locations":[{"start":{"line":181,"column":8},"end":{"line":189,"column":9}},{"start":{},"end":{}}],"line":181},"21":{"loc":{"start":{"line":196,"column":8},"end":{"line":204,"column":9}},"type":"if","locations":[{"start":{"line":196,"column":8},"end":{"line":204,"column":9}},{"start":{},"end":{}}],"line":196}},"s":{"0":15,"1":4,"2":4,"3":4,"4":2,"5":2,"6":1,"7":1,"8":2,"9":2,"10":2,"11":2,"12":2,"13":2,"14":2,"15":0,"16":0,"17":2,"18":0,"19":0,"20":2,"21":0,"22":0,"23":2,"24":0,"25":0,"26":0,"27":0,"28":0,"29":0,"30":0,"31":0,"32":0,"33":0,"34":2,"35":2,"36":2,"37":2,"38":2,"39":2,"40":1,"41":1,"42":2,"43":2,"44":1,"45":1,"46":1,"47":2,"48":2,"49":2,"50":0,"51":2,"52":0,"53":0,"54":0,"55":2,"56":2,"57":2,"58":1,"59":1,"60":2,"61":2,"62":1,"63":1,"64":1,"65":1,"66":1,"67":1,"68":1},"f":{"0":15,"1":4,"2":0,"3":2,"4":2,"5":2,"6":2,"7":1,"8":1,"9":1},"b":{"0":[0],"1":[0],"2":[4,0],"3":[2,2],"4":[1,1],"5":[1],"6":[2,0],"7":[2,1],"8":[2,0],"9":[0,2],"10":[0,2],"11":[0,2],"12":[0,2],"13":[0,0],"14":[1,1],"15":[1,1],"16":[0,2],"17":[0,2],"18":[0,0],"19":[1,1],"20":[1,1],"21":[1,1]},"_coverageSchema":"1a1c01bbd47fc00a2c39e90264f33305004495a9","hash":"e4ef35d68e0244c540302654fe07abf0318922bc"}
,"/home/ruanlopes/Documentos/gestao-de-estoque/src/repositories/filters/ProdutoFilterBuilder.js": {"path":"/home/ruanlopes/Documentos/gestao-de-estoque/src/repositories/filters/ProdutoFilterBuilder.js","statementMap":{"0":{"start":{"line":3,"column":8},"end":{"line":3,"column":26}},"1":{"start":{"line":7,"column":8},"end":{"line":9,"column":9}},"2":{"start":{"line":8,"column":12},"end":{"line":8,"column":72}},"3":{"start":{"line":10,"column":8},"end":{"line":10,"column":20}},"4":{"start":{"line":14,"column":8},"end":{"line":16,"column":9}},"5":{"start":{"line":15,"column":12},"end":{"line":15,"column":74}},"6":{"start":{"line":17,"column":8},"end":{"line":17,"column":20}},"7":{"start":{"line":21,"column":8},"end":{"line":23,"column":9}},"8":{"start":{"line":22,"column":12},"end":{"line":22,"column":76}},"9":{"start":{"line":24,"column":8},"end":{"line":24,"column":20}},"10":{"start":{"line":28,"column":8},"end":{"line":30,"column":9}},"11":{"start":{"line":29,"column":12},"end":{"line":29,"column":83}},"12":{"start":{"line":31,"column":8},"end":{"line":31,"column":20}},"13":{"start":{"line":35,"column":8},"end":{"line":37,"column":9}},"14":{"start":{"line":36,"column":12},"end":{"line":36,"column":83}},"15":{"start":{"line":38,"column":8},"end":{"line":38,"column":20}},"16":{"start":{"line":42,"column":8},"end":{"line":44,"column":9}},"17":{"start":{"line":43,"column":12},"end":{"line":43,"column":89}},"18":{"start":{"line":45,"column":8},"end":{"line":45,"column":20}},"19":{"start":{"line":49,"column":8},"end":{"line":51,"column":9}},"20":{"start":{"line":50,"column":12},"end":{"line":50,"column":54}},"21":{"start":{"line":52,"column":8},"end":{"line":52,"column":20}},"22":{"start":{"line":56,"column":8},"end":{"line":62,"column":9}},"23":{"start":{"line":58,"column":12},"end":{"line":60,"column":13}},"24":{"start":{"line":59,"column":16},"end":{"line":59,"column":57}},"25":{"start":{"line":61,"column":12},"end":{"line":61,"column":41}},"26":{"start":{"line":63,"column":8},"end":{"line":63,"column":20}},"27":{"start":{"line":67,"column":8},"end":{"line":67,"column":28}}},"fnMap":{"0":{"name":"(anonymous_0)","decl":{"start":{"line":2,"column":4},"end":{"line":2,"column":5}},"loc":{"start":{"line":2,"column":18},"end":{"line":4,"column":5}},"line":2},"1":{"name":"(anonymous_1)","decl":{"start":{"line":6,"column":4},"end":{"line":6,"column":5}},"loc":{"start":{"line":6,"column":18},"end":{"line":11,"column":5}},"line":6},"2":{"name":"(anonymous_2)","decl":{"start":{"line":13,"column":4},"end":{"line":13,"column":5}},"loc":{"start":{"line":13,"column":28},"end":{"line":18,"column":5}},"line":13},"3":{"name":"(anonymous_3)","decl":{"start":{"line":20,"column":4},"end":{"line":20,"column":5}},"loc":{"start":{"line":20,"column":22},"end":{"line":25,"column":5}},"line":20},"4":{"name":"(anonymous_4)","decl":{"start":{"line":27,"column":4},"end":{"line":27,"column":5}},"loc":{"start":{"line":27,"column":29},"end":{"line":32,"column":5}},"line":27},"5":{"name":"(anonymous_5)","decl":{"start":{"line":34,"column":4},"end":{"line":34,"column":5}},"loc":{"start":{"line":34,"column":29},"end":{"line":39,"column":5}},"line":34},"6":{"name":"(anonymous_6)","decl":{"start":{"line":41,"column":4},"end":{"line":41,"column":5}},"loc":{"start":{"line":41,"column":33},"end":{"line":46,"column":5}},"line":41},"7":{"name":"(anonymous_7)","decl":{"start":{"line":48,"column":4},"end":{"line":48,"column":5}},"loc":{"start":{"line":48,"column":32},"end":{"line":53,"column":5}},"line":48},"8":{"name":"(anonymous_8)","decl":{"start":{"line":55,"column":4},"end":{"line":55,"column":5}},"loc":{"start":{"line":55,"column":22},"end":{"line":64,"column":5}},"line":55},"9":{"name":"(anonymous_9)","decl":{"start":{"line":66,"column":4},"end":{"line":66,"column":5}},"loc":{"start":{"line":66,"column":12},"end":{"line":68,"column":5}},"line":66}},"branchMap":{"0":{"loc":{"start":{"line":7,"column":8},"end":{"line":9,"column":9}},"type":"if","locations":[{"start":{"line":7,"column":8},"end":{"line":9,"column":9}},{"start":{},"end":{}}],"line":7},"1":{"loc":{"start":{"line":7,"column":12},"end":{"line":7,"column":38}},"type":"binary-expr","locations":[{"start":{"line":7,"column":12},"end":{"line":7,"column":16}},{"start":{"line":7,"column":20},"end":{"line":7,"column":38}}],"line":7},"2":{"loc":{"start":{"line":14,"column":8},"end":{"line":16,"column":9}},"type":"if","locations":[{"start":{"line":14,"column":8},"end":{"line":16,"column":9}},{"start":{},"end":{}}],"line":14},"3":{"loc":{"start":{"line":14,"column":12},"end":{"line":14,"column":48}},"type":"binary-expr","locations":[{"start":{"line":14,"column":12},"end":{"line":14,"column":21}},{"start":{"line":14,"column":25},"end":{"line":14,"column":48}}],"line":14},"4":{"loc":{"start":{"line":21,"column":8},"end":{"line":23,"column":9}},"type":"if","locations":[{"start":{"line":21,"column":8},"end":{"line":23,"column":9}},{"start":{},"end":{}}],"line":21},"5":{"loc":{"start":{"line":21,"column":12},"end":{"line":21,"column":42}},"type":"binary-expr","locations":[{"start":{"line":21,"column":12},"end":{"line":21,"column":18}},{"start":{"line":21,"column":22},"end":{"line":21,"column":42}}],"line":21},"6":{"loc":{"start":{"line":28,"column":8},"end":{"line":30,"column":9}},"type":"if","locations":[{"start":{"line":28,"column":8},"end":{"line":30,"column":9}},{"start":{},"end":{}}],"line":28},"7":{"loc":{"start":{"line":28,"column":12},"end":{"line":28,"column":75}},"type":"binary-expr","locations":[{"start":{"line":28,"column":12},"end":{"line":28,"column":34}},{"start":{"line":28,"column":38},"end":{"line":28,"column":55}},{"start":{"line":28,"column":59},"end":{"line":28,"column":75}}],"line":28},"8":{"loc":{"start":{"line":35,"column":8},"end":{"line":37,"column":9}},"type":"if","locations":[{"start":{"line":35,"column":8},"end":{"line":37,"column":9}},{"start":{},"end":{}}],"line":35},"9":{"loc":{"start":{"line":35,"column":12},"end":{"line":35,"column":75}},"type":"binary-expr","locations":[{"start":{"line":35,"column":12},"end":{"line":35,"column":34}},{"start":{"line":35,"column":38},"end":{"line":35,"column":55}},{"start":{"line":35,"column":59},"end":{"line":35,"column":75}}],"line":35},"10":{"loc":{"start":{"line":42,"column":8},"end":{"line":44,"column":9}},"type":"if","locations":[{"start":{"line":42,"column":8},"end":{"line":44,"column":9}},{"start":{},"end":{}}],"line":42},"11":{"loc":{"start":{"line":42,"column":12},"end":{"line":42,"column":81}},"type":"binary-expr","locations":[{"start":{"line":42,"column":12},"end":{"line":42,"column":36}},{"start":{"line":42,"column":40},"end":{"line":42,"column":59}},{"start":{"line":42,"column":63},"end":{"line":42,"column":81}}],"line":42},"12":{"loc":{"start":{"line":49,"column":8},"end":{"line":51,"column":9}},"type":"if","locations":[{"start":{"line":49,"column":8},"end":{"line":51,"column":9}},{"start":{},"end":{}}],"line":49},"13":{"loc":{"start":{"line":49,"column":12},"end":{"line":49,"column":54}},"type":"binary-expr","locations":[{"start":{"line":49,"column":12},"end":{"line":49,"column":24}},{"start":{"line":49,"column":28},"end":{"line":49,"column":54}}],"line":49},"14":{"loc":{"start":{"line":56,"column":8},"end":{"line":62,"column":9}},"type":"if","locations":[{"start":{"line":56,"column":8},"end":{"line":62,"column":9}},{"start":{},"end":{}}],"line":56},"15":{"loc":{"start":{"line":58,"column":12},"end":{"line":60,"column":13}},"type":"if","locations":[{"start":{"line":58,"column":12},"end":{"line":60,"column":13}},{"start":{},"end":{}}],"line":58}},"s":{"0":0,"1":0,"2":0,"3":0,"4":0,"5":0,"6":0,"7":0,"8":0,"9":0,"10":0,"11":0,"12":0,"13":0,"14":0,"15":0,"16":0,"17":0,"18":0,"19":0,"20":0,"21":0,"22":0,"23":0,"24":0,"25":0,"26":0,"27":0},"f":{"0":0,"1":0,"2":0,"3":0,"4":0,"5":0,"6":0,"7":0,"8":0,"9":0},"b":{"0":[0,0],"1":[0,0],"2":[0,0],"3":[0,0],"4":[0,0],"5":[0,0],"6":[0,0],"7":[0,0,0],"8":[0,0],"9":[0,0,0],"10":[0,0],"11":[0,0,0],"12":[0,0],"13":[0,0],"14":[0,0],"15":[0,0]},"_coverageSchema":"1a1c01bbd47fc00a2c39e90264f33305004495a9","hash":"a9bf00e52bf259dd95d059cfbc30f49731c07e2f"}
,"/home/ruanlopes/Documentos/gestao-de-estoque/src/services/produtoService.js": {"path":"/home/ruanlopes/Documentos/gestao-de-estoque/src/services/produtoService.js","statementMap":{"0":{"start":{"line":8,"column":8},"end":{"line":8,"column":50}},"1":{"start":{"line":14,"column":8},"end":{"line":66,"column":9}},"2":{"start":{"line":15,"column":31},"end":{"line":15,"column":61}},"3":{"start":{"line":16,"column":33},"end":{"line":16,"column":63}},"4":{"start":{"line":19,"column":34},"end":{"line":19,"column":36}},"5":{"start":{"line":20,"column":12},"end":{"line":24,"column":15}},"6":{"start":{"line":21,"column":31},"end":{"line":21,"column":72}},"7":{"start":{"line":22,"column":35},"end":{"line":22,"column":62}},"8":{"start":{"line":23,"column":16},"end":{"line":23,"column":71}},"9":{"start":{"line":27,"column":12},"end":{"line":31,"column":15}},"10":{"start":{"line":28,"column":31},"end":{"line":28,"column":93}},"11":{"start":{"line":29,"column":16},"end":{"line":29,"column":105}},"12":{"start":{"line":30,"column":16},"end":{"line":30,"column":30}},"13":{"start":{"line":33,"column":12},"end":{"line":33,"column":24}},"14":{"start":{"line":34,"column":15},"end":{"line":66,"column":9}},"15":{"start":{"line":36,"column":31},"end":{"line":36,"column":61}},"16":{"start":{"line":37,"column":33},"end":{"line":37,"column":63}},"17":{"start":{"line":39,"column":34},"end":{"line":39,"column":36}},"18":{"start":{"line":40,"column":12},"end":{"line":44,"column":15}},"19":{"start":{"line":41,"column":31},"end":{"line":41,"column":72}},"20":{"start":{"line":42,"column":35},"end":{"line":42,"column":62}},"21":{"start":{"line":43,"column":16},"end":{"line":43,"column":71}},"22":{"start":{"line":46,"column":28},"end":{"line":46,"column":93}},"23":{"start":{"line":47,"column":12},"end":{"line":47,"column":103}},"24":{"start":{"line":48,"column":12},"end":{"line":48,"column":27}},"25":{"start":{"line":49,"column":15},"end":{"line":66,"column":9}},"26":{"start":{"line":51,"column":31},"end":{"line":51,"column":61}},"27":{"start":{"line":52,"column":33},"end":{"line":52,"column":63}},"28":{"start":{"line":54,"column":34},"end":{"line":54,"column":36}},"29":{"start":{"line":55,"column":12},"end":{"line":59,"column":15}},"30":{"start":{"line":56,"column":31},"end":{"line":56,"column":72}},"31":{"start":{"line":57,"column":35},"end":{"line":57,"column":62}},"32":{"start":{"line":58,"column":16},"end":{"line":58,"column":71}},"33":{"start":{"line":61,"column":12},"end":{"line":65,"column":15}},"34":{"start":{"line":62,"column":32},"end":{"line":62,"column":97}},"35":{"start":{"line":63,"column":16},"end":{"line":63,"column":107}},"36":{"start":{"line":64,"column":16},"end":{"line":64,"column":31}},"37":{"start":{"line":68,"column":8},"end":{"line":68,"column":20}},"38":{"start":{"line":72,"column":8},"end":{"line":72,"column":57}},"39":{"start":{"line":73,"column":21},"end":{"line":73,"column":62}},"40":{"start":{"line":74,"column":26},"end":{"line":74,"column":73}},"41":{"start":{"line":76,"column":8},"end":{"line":76,"column":67}},"42":{"start":{"line":77,"column":8},"end":{"line":77,"column":25}},"43":{"start":{"line":81,"column":8},"end":{"line":81,"column":56}},"44":{"start":{"line":83,"column":8},"end":{"line":85,"column":9}},"45":{"start":{"line":84,"column":12},"end":{"line":84,"column":58}},"46":{"start":{"line":87,"column":8},"end":{"line":89,"column":9}},"47":{"start":{"line":88,"column":12},"end":{"line":88,"column":39}},"48":{"start":{"line":91,"column":21},"end":{"line":91,"column":73}},"49":{"start":{"line":92,"column":8},"end":{"line":92,"column":20}},"50":{"start":{"line":96,"column":8},"end":{"line":96,"column":66}},"51":{"start":{"line":98,"column":8},"end":{"line":106,"column":9}},"52":{"start":{"line":99,"column":12},"end":{"line":105,"column":15}},"53":{"start":{"line":108,"column":34},"end":{"line":108,"column":94}},"54":{"start":{"line":109,"column":8},"end":{"line":109,"column":33}},"55":{"start":{"line":113,"column":8},"end":{"line":113,"column":62}},"56":{"start":{"line":115,"column":8},"end":{"line":123,"column":9}},"57":{"start":{"line":116,"column":12},"end":{"line":122,"column":15}},"58":{"start":{"line":125,"column":21},"end":{"line":125,"column":65}},"59":{"start":{"line":126,"column":8},"end":{"line":126,"column":63}},"60":{"start":{"line":130,"column":8},"end":{"line":130,"column":72}},"61":{"start":{"line":132,"column":8},"end":{"line":140,"column":9}},"62":{"start":{"line":133,"column":12},"end":{"line":139,"column":15}},"63":{"start":{"line":142,"column":20},"end":{"line":149,"column":9}},"64":{"start":{"line":151,"column":21},"end":{"line":151,"column":62}},"65":{"start":{"line":152,"column":8},"end":{"line":152,"column":63}},"66":{"start":{"line":156,"column":8},"end":{"line":156,"column":77}},"67":{"start":{"line":158,"column":8},"end":{"line":166,"column":9}},"68":{"start":{"line":159,"column":12},"end":{"line":165,"column":15}},"69":{"start":{"line":168,"column":20},"end":{"line":175,"column":9}},"70":{"start":{"line":177,"column":21},"end":{"line":177,"column":62}},"71":{"start":{"line":178,"column":8},"end":{"line":178,"column":63}},"72":{"start":{"line":182,"column":8},"end":{"line":182,"column":74}},"73":{"start":{"line":184,"column":8},"end":{"line":192,"column":9}},"74":{"start":{"line":185,"column":12},"end":{"line":191,"column":15}},"75":{"start":{"line":194,"column":20},"end":{"line":201,"column":9}},"76":{"start":{"line":203,"column":21},"end":{"line":203,"column":62}},"77":{"start":{"line":204,"column":8},"end":{"line":204,"column":63}},"78":{"start":{"line":208,"column":8},"end":{"line":208,"column":78}},"79":{"start":{"line":210,"column":8},"end":{"line":218,"column":9}},"80":{"start":{"line":211,"column":12},"end":{"line":217,"column":15}},"81":{"start":{"line":220,"column":20},"end":{"line":226,"column":9}},"82":{"start":{"line":229,"column":8},"end":{"line":233,"column":9}},"83":{"start":{"line":230,"column":12},"end":{"line":230,"column":51}},"84":{"start":{"line":232,"column":12},"end":{"line":232,"column":49}},"85":{"start":{"line":235,"column":21},"end":{"line":235,"column":62}},"86":{"start":{"line":236,"column":8},"end":{"line":236,"column":63}},"87":{"start":{"line":240,"column":8},"end":{"line":240,"column":58}},"88":{"start":{"line":242,"column":8},"end":{"line":250,"column":9}},"89":{"start":{"line":243,"column":12},"end":{"line":249,"column":15}},"90":{"start":{"line":252,"column":8},"end":{"line":257,"column":9}},"91":{"start":{"line":253,"column":25},"end":{"line":253,"column":65}},"92":{"start":{"line":254,"column":12},"end":{"line":254,"column":24}},"93":{"start":{"line":256,"column":12},"end":{"line":256,"column":24}},"94":{"start":{"line":261,"column":8},"end":{"line":261,"column":69}},"95":{"start":{"line":262,"column":21},"end":{"line":262,"column":63}},"96":{"start":{"line":263,"column":8},"end":{"line":263,"column":63}},"97":{"start":{"line":267,"column":8},"end":{"line":267,"column":67}},"98":{"start":{"line":269,"column":8},"end":{"line":277,"column":9}},"99":{"start":{"line":270,"column":12},"end":{"line":276,"column":15}},"100":{"start":{"line":279,"column":21},"end":{"line":279,"column":63}},"101":{"start":{"line":280,"column":8},"end":{"line":280,"column":20}},"102":{"start":{"line":284,"column":8},"end":{"line":284,"column":66}},"103":{"start":{"line":286,"column":8},"end":{"line":294,"column":9}},"104":{"start":{"line":287,"column":12},"end":{"line":293,"column":15}},"105":{"start":{"line":296,"column":21},"end":{"line":296,"column":62}},"106":{"start":{"line":297,"column":8},"end":{"line":297,"column":20}}},"fnMap":{"0":{"name":"(anonymous_0)","decl":{"start":{"line":7,"column":4},"end":{"line":7,"column":5}},"loc":{"start":{"line":7,"column":18},"end":{"line":9,"column":5}},"line":7},"1":{"name":"(anonymous_1)","decl":{"start":{"line":12,"column":4},"end":{"line":12,"column":5}},"loc":{"start":{"line":12,"column":47},"end":{"line":69,"column":5}},"line":12},"2":{"name":"(anonymous_2)","decl":{"start":{"line":20,"column":33},"end":{"line":20,"column":34}},"loc":{"start":{"line":20,"column":47},"end":{"line":24,"column":13}},"line":20},"3":{"name":"(anonymous_3)","decl":{"start":{"line":27,"column":38},"end":{"line":27,"column":39}},"loc":{"start":{"line":27,"column":45},"end":{"line":31,"column":13}},"line":27},"4":{"name":"(anonymous_4)","decl":{"start":{"line":40,"column":33},"end":{"line":40,"column":34}},"loc":{"start":{"line":40,"column":47},"end":{"line":44,"column":13}},"line":40},"5":{"name":"(anonymous_5)","decl":{"start":{"line":55,"column":33},"end":{"line":55,"column":34}},"loc":{"start":{"line":55,"column":47},"end":{"line":59,"column":13}},"line":55},"6":{"name":"(anonymous_6)","decl":{"start":{"line":61,"column":28},"end":{"line":61,"column":29}},"loc":{"start":{"line":61,"column":36},"end":{"line":65,"column":13}},"line":61},"7":{"name":"(anonymous_7)","decl":{"start":{"line":71,"column":4},"end":{"line":71,"column":5}},"loc":{"start":{"line":71,"column":30},"end":{"line":78,"column":5}},"line":71},"8":{"name":"(anonymous_8)","decl":{"start":{"line":80,"column":4},"end":{"line":80,"column":5}},"loc":{"start":{"line":80,"column":41},"end":{"line":93,"column":5}},"line":80},"9":{"name":"(anonymous_9)","decl":{"start":{"line":95,"column":4},"end":{"line":95,"column":5}},"loc":{"start":{"line":95,"column":49},"end":{"line":110,"column":5}},"line":95},"10":{"name":"(anonymous_10)","decl":{"start":{"line":112,"column":4},"end":{"line":112,"column":5}},"loc":{"start":{"line":112,"column":33},"end":{"line":127,"column":5}},"line":112},"11":{"name":"(anonymous_11)","decl":{"start":{"line":129,"column":4},"end":{"line":129,"column":5}},"loc":{"start":{"line":129,"column":61},"end":{"line":153,"column":5}},"line":129},"12":{"name":"(anonymous_12)","decl":{"start":{"line":155,"column":4},"end":{"line":155,"column":5}},"loc":{"start":{"line":155,"column":71},"end":{"line":179,"column":5}},"line":155},"13":{"name":"(anonymous_13)","decl":{"start":{"line":181,"column":4},"end":{"line":181,"column":5}},"loc":{"start":{"line":181,"column":65},"end":{"line":205,"column":5}},"line":181},"14":{"name":"(anonymous_14)","decl":{"start":{"line":207,"column":4},"end":{"line":207,"column":5}},"loc":{"start":{"line":207,"column":89},"end":{"line":237,"column":5}},"line":207},"15":{"name":"(anonymous_15)","decl":{"start":{"line":239,"column":4},"end":{"line":239,"column":5}},"loc":{"start":{"line":239,"column":29},"end":{"line":258,"column":5}},"line":239},"16":{"name":"(anonymous_16)","decl":{"start":{"line":260,"column":4},"end":{"line":260,"column":5}},"loc":{"start":{"line":260,"column":31},"end":{"line":264,"column":5}},"line":260},"17":{"name":"(anonymous_17)","decl":{"start":{"line":266,"column":4},"end":{"line":266,"column":5}},"loc":{"start":{"line":266,"column":31},"end":{"line":281,"column":5}},"line":266},"18":{"name":"(anonymous_18)","decl":{"start":{"line":283,"column":4},"end":{"line":283,"column":5}},"loc":{"start":{"line":283,"column":30},"end":{"line":298,"column":5}},"line":283}},"branchMap":{"0":{"loc":{"start":{"line":14,"column":8},"end":{"line":66,"column":9}},"type":"if","locations":[{"start":{"line":14,"column":8},"end":{"line":66,"column":9}},{"start":{"line":34,"column":15},"end":{"line":66,"column":9}}],"line":14},"1":{"loc":{"start":{"line":14,"column":12},"end":{"line":14,"column":45}},"type":"binary-expr","locations":[{"start":{"line":14,"column":12},"end":{"line":14,"column":21}},{"start":{"line":14,"column":25},"end":{"line":14,"column":45}}],"line":14},"2":{"loc":{"start":{"line":28,"column":31},"end":{"line":28,"column":93}},"type":"cond-expr","locations":[{"start":{"line":28,"column":68},"end":{"line":28,"column":82}},{"start":{"line":28,"column":85},"end":{"line":28,"column":93}}],"line":28},"3":{"loc":{"start":{"line":29,"column":41},"end":{"line":29,"column":104}},"type":"binary-expr","locations":[{"start":{"line":29,"column":41},"end":{"line":29,"column":73}},{"start":{"line":29,"column":77},"end":{"line":29,"column":104}}],"line":29},"4":{"loc":{"start":{"line":34,"column":15},"end":{"line":66,"column":9}},"type":"if","locations":[{"start":{"line":34,"column":15},"end":{"line":66,"column":9}},{"start":{"line":49,"column":15},"end":{"line":66,"column":9}}],"line":34},"5":{"loc":{"start":{"line":34,"column":19},"end":{"line":34,"column":59}},"type":"binary-expr","locations":[{"start":{"line":34,"column":19},"end":{"line":34,"column":23}},{"start":{"line":34,"column":27},"end":{"line":34,"column":37}},{"start":{"line":34,"column":41},"end":{"line":34,"column":59}}],"line":34},"6":{"loc":{"start":{"line":46,"column":28},"end":{"line":46,"column":93}},"type":"cond-expr","locations":[{"start":{"line":46,"column":66},"end":{"line":46,"column":81}},{"start":{"line":46,"column":84},"end":{"line":46,"column":93}}],"line":46},"7":{"loc":{"start":{"line":47,"column":38},"end":{"line":47,"column":102}},"type":"binary-expr","locations":[{"start":{"line":47,"column":38},"end":{"line":47,"column":71}},{"start":{"line":47,"column":75},"end":{"line":47,"column":102}}],"line":47},"8":{"loc":{"start":{"line":49,"column":15},"end":{"line":66,"column":9}},"type":"if","locations":[{"start":{"line":49,"column":15},"end":{"line":66,"column":9}},{"start":{},"end":{}}],"line":49},"9":{"loc":{"start":{"line":49,"column":19},"end":{"line":49,"column":57}},"type":"binary-expr","locations":[{"start":{"line":49,"column":19},"end":{"line":49,"column":38}},{"start":{"line":49,"column":42},"end":{"line":49,"column":57}}],"line":49},"10":{"loc":{"start":{"line":62,"column":32},"end":{"line":62,"column":97}},"type":"cond-expr","locations":[{"start":{"line":62,"column":70},"end":{"line":62,"column":85}},{"start":{"line":62,"column":88},"end":{"line":62,"column":97}}],"line":62},"11":{"loc":{"start":{"line":63,"column":42},"end":{"line":63,"column":106}},"type":"binary-expr","locations":[{"start":{"line":63,"column":42},"end":{"line":63,"column":75}},{"start":{"line":63,"column":79},"end":{"line":63,"column":106}}],"line":63},"12":{"loc":{"start":{"line":83,"column":8},"end":{"line":85,"column":9}},"type":"if","locations":[{"start":{"line":83,"column":8},"end":{"line":85,"column":9}},{"start":{},"end":{}}],"line":83},"13":{"loc":{"start":{"line":87,"column":8},"end":{"line":89,"column":9}},"type":"if","locations":[{"start":{"line":87,"column":8},"end":{"line":89,"column":9}},{"start":{},"end":{}}],"line":87},"14":{"loc":{"start":{"line":98,"column":8},"end":{"line":106,"column":9}},"type":"if","locations":[{"start":{"line":98,"column":8},"end":{"line":106,"column":9}},{"start":{},"end":{}}],"line":98},"15":{"loc":{"start":{"line":115,"column":8},"end":{"line":123,"column":9}},"type":"if","locations":[{"start":{"line":115,"column":8},"end":{"line":123,"column":9}},{"start":{},"end":{}}],"line":115},"16":{"loc":{"start":{"line":129,"column":38},"end":{"line":129,"column":46}},"type":"default-arg","locations":[{"start":{"line":129,"column":45},"end":{"line":129,"column":46}}],"line":129},"17":{"loc":{"start":{"line":129,"column":48},"end":{"line":129,"column":59}},"type":"default-arg","locations":[{"start":{"line":129,"column":57},"end":{"line":129,"column":59}}],"line":129},"18":{"loc":{"start":{"line":132,"column":8},"end":{"line":140,"column":9}},"type":"if","locations":[{"start":{"line":132,"column":8},"end":{"line":140,"column":9}},{"start":{},"end":{}}],"line":132},"19":{"loc":{"start":{"line":132,"column":12},"end":{"line":132,"column":39}},"type":"binary-expr","locations":[{"start":{"line":132,"column":12},"end":{"line":132,"column":17}},{"start":{"line":132,"column":21},"end":{"line":132,"column":39}}],"line":132},"20":{"loc":{"start":{"line":155,"column":48},"end":{"line":155,"column":56}},"type":"default-arg","locations":[{"start":{"line":155,"column":55},"end":{"line":155,"column":56}}],"line":155},"21":{"loc":{"start":{"line":155,"column":58},"end":{"line":155,"column":69}},"type":"default-arg","locations":[{"start":{"line":155,"column":67},"end":{"line":155,"column":69}}],"line":155},"22":{"loc":{"start":{"line":158,"column":8},"end":{"line":166,"column":9}},"type":"if","locations":[{"start":{"line":158,"column":8},"end":{"line":166,"column":9}},{"start":{},"end":{}}],"line":158},"23":{"loc":{"start":{"line":158,"column":12},"end":{"line":158,"column":49}},"type":"binary-expr","locations":[{"start":{"line":158,"column":12},"end":{"line":158,"column":22}},{"start":{"line":158,"column":26},"end":{"line":158,"column":49}}],"line":158},"24":{"loc":{"start":{"line":181,"column":42},"end":{"line":181,"column":50}},"type":"default-arg","locations":[{"start":{"line":181,"column":49},"end":{"line":181,"column":50}}],"line":181},"25":{"loc":{"start":{"line":181,"column":52},"end":{"line":181,"column":63}},"type":"default-arg","locations":[{"start":{"line":181,"column":61},"end":{"line":181,"column":63}}],"line":181},"26":{"loc":{"start":{"line":184,"column":8},"end":{"line":192,"column":9}},"type":"if","locations":[{"start":{"line":184,"column":8},"end":{"line":192,"column":9}},{"start":{},"end":{}}],"line":184},"27":{"loc":{"start":{"line":184,"column":12},"end":{"line":184,"column":43}},"type":"binary-expr","locations":[{"start":{"line":184,"column":12},"end":{"line":184,"column":19}},{"start":{"line":184,"column":23},"end":{"line":184,"column":43}}],"line":184},"28":{"loc":{"start":{"line":207,"column":50},"end":{"line":207,"column":58}},"type":"default-arg","locations":[{"start":{"line":207,"column":57},"end":{"line":207,"column":58}}],"line":207},"29":{"loc":{"start":{"line":207,"column":60},"end":{"line":207,"column":71}},"type":"default-arg","locations":[{"start":{"line":207,"column":69},"end":{"line":207,"column":71}}],"line":207},"30":{"loc":{"start":{"line":207,"column":73},"end":{"line":207,"column":87}},"type":"default-arg","locations":[{"start":{"line":207,"column":82},"end":{"line":207,"column":87}}],"line":207},"31":{"loc":{"start":{"line":210,"column":8},"end":{"line":218,"column":9}},"type":"if","locations":[{"start":{"line":210,"column":8},"end":{"line":218,"column":9}},{"start":{},"end":{}}],"line":210},"32":{"loc":{"start":{"line":210,"column":12},"end":{"line":210,"column":87}},"type":"binary-expr","locations":[{"start":{"line":210,"column":12},"end":{"line":210,"column":23}},{"start":{"line":210,"column":28},"end":{"line":210,"column":58}},{"start":{"line":210,"column":62},"end":{"line":210,"column":86}}],"line":210},"33":{"loc":{"start":{"line":214,"column":23},"end":{"line":214,"column":67}},"type":"cond-expr","locations":[{"start":{"line":214,"column":32},"end":{"line":214,"column":49}},{"start":{"line":214,"column":52},"end":{"line":214,"column":67}}],"line":214},"34":{"loc":{"start":{"line":216,"column":34},"end":{"line":216,"column":56}},"type":"cond-expr","locations":[{"start":{"line":216,"column":43},"end":{"line":216,"column":49}},{"start":{"line":216,"column":52},"end":{"line":216,"column":56}}],"line":216},"35":{"loc":{"start":{"line":229,"column":8},"end":{"line":233,"column":9}},"type":"if","locations":[{"start":{"line":229,"column":8},"end":{"line":233,"column":9}},{"start":{"line":231,"column":15},"end":{"line":233,"column":9}}],"line":229},"36":{"loc":{"start":{"line":242,"column":8},"end":{"line":250,"column":9}},"type":"if","locations":[{"start":{"line":242,"column":8},"end":{"line":250,"column":9}},{"start":{},"end":{}}],"line":242},"37":{"loc":{"start":{"line":269,"column":8},"end":{"line":277,"column":9}},"type":"if","locations":[{"start":{"line":269,"column":8},"end":{"line":277,"column":9}},{"start":{},"end":{}}],"line":269},"38":{"loc":{"start":{"line":286,"column":8},"end":{"line":294,"column":9}},"type":"if","locations":[{"start":{"line":286,"column":8},"end":{"line":294,"column":9}},{"start":{},"end":{}}],"line":286}},"s":{"0":27,"1":3,"2":1,"3":1,"4":1,"5":1,"6":2,"7":2,"8":2,"9":1,"10":2,"11":2,"12":2,"13":1,"14":2,"15":1,"16":1,"17":1,"18":1,"19":1,"20":1,"21":1,"22":1,"23":1,"24":1,"25":1,"26":1,"27":1,"28":1,"29":1,"30":2,"31":2,"32":2,"33":1,"34":2,"35":2,"36":2,"37":0,"38":1,"39":1,"40":1,"41":1,"42":1,"43":3,"44":3,"45":2,"46":3,"47":2,"48":3,"49":3,"50":2,"51":2,"52":1,"53":1,"54":1,"55":2,"56":2,"57":1,"58":1,"59":1,"60":2,"61":2,"62":1,"63":1,"64":1,"65":1,"66":2,"67":2,"68":1,"69":1,"70":1,"71":1,"72":2,"73":2,"74":1,"75":1,"76":1,"77":1,"78":3,"79":3,"80":1,"81":2,"82":2,"83":1,"84":1,"85":2,"86":2,"87":2,"88":2,"89":1,"90":1,"91":1,"92":1,"93":0,"94":1,"95":1,"96":1,"97":2,"98":2,"99":1,"100":1,"101":1,"102":2,"103":2,"104":1,"105":1,"106":1},"f":{"0":27,"1":3,"2":2,"3":2,"4":1,"5":2,"6":2,"7":1,"8":3,"9":2,"10":2,"11":2,"12":2,"13":2,"14":3,"15":2,"16":1,"17":2,"18":2},"b":{"0":[1,2],"1":[3,1],"2":[0,2],"3":[2,2],"4":[1,1],"5":[2,2,2],"6":[0,1],"7":[1,1],"8":[1,0],"9":[1,1],"10":[0,2],"11":[2,2],"12":[2,1],"13":[2,1],"14":[1,1],"15":[1,1],"16":[2],"17":[2],"18":[1,1],"19":[2,1],"20":[2],"21":[2],"22":[1,1],"23":[2,1],"24":[2],"25":[2],"26":[1,1],"27":[2,1],"28":[2],"29":[2],"30":[2],"31":[1,2],"32":[3,2,2],"33":[0,1],"34":[0,1],"35":[1,1],"36":[1,1],"37":[1,1],"38":[1,1]},"_coverageSchema":"1a1c01bbd47fc00a2c39e90264f33305004495a9","hash":"31a5ace3a1dbff19a0868ff2ea461109f3f26947"}
,"/home/ruanlopes/Documentos/gestao-de-estoque/src/utils/errors/AuthenticationError.js": {"path":"/home/ruanlopes/Documentos/gestao-de-estoque/src/utils/errors/AuthenticationError.js","statementMap":{"0":{"start":{"line":4,"column":6},"end":{"line":4,"column":21}},"1":{"start":{"line":5,"column":6},"end":{"line":5,"column":40}},"2":{"start":{"line":6,"column":6},"end":{"line":6,"column":28}},"3":{"start":{"line":7,"column":6},"end":{"line":7,"column":32}}},"fnMap":{"0":{"name":"(anonymous_0)","decl":{"start":{"line":3,"column":4},"end":{"line":3,"column":5}},"loc":{"start":{"line":3,"column":25},"end":{"line":8,"column":5}},"line":3}},"branchMap":{},"s":{"0":1,"1":1,"2":1,"3":1},"f":{"0":1},"b":{},"_coverageSchema":"1a1c01bbd47fc00a2c39e90264f33305004495a9","hash":"e083af21c472ffc3a7d40f6bc6b27a56a11a5fd7"}
,"/home/ruanlopes/Documentos/gestao-de-estoque/src/utils/errors/TokenExpiredError.js": {"path":"/home/ruanlopes/Documentos/gestao-de-estoque/src/utils/errors/TokenExpiredError.js","statementMap":{"0":{"start":{"line":4,"column":4},"end":{"line":4,"column":19}},"1":{"start":{"line":5,"column":4},"end":{"line":5,"column":36}},"2":{"start":{"line":6,"column":4},"end":{"line":6,"column":26}},"3":{"start":{"line":7,"column":4},"end":{"line":7,"column":30}}},"fnMap":{"0":{"name":"(anonymous_0)","decl":{"start":{"line":3,"column":2},"end":{"line":3,"column":3}},"loc":{"start":{"line":3,"column":23},"end":{"line":8,"column":3}},"line":3}},"branchMap":{},"s":{"0":1,"1":1,"2":1,"3":1},"f":{"0":1},"b":{},"_coverageSchema":"1a1c01bbd47fc00a2c39e90264f33305004495a9","hash":"fe49adde08389c945e68ce5895863f76c937dca5"}
,"/home/ruanlopes/Documentos/gestao-de-estoque/src/utils/helpers/CommonResponse.js": {"path":"/home/ruanlopes/Documentos/gestao-de-estoque/src/utils/helpers/CommonResponse.js","statementMap":{"0":{"start":{"line":7,"column":8},"end":{"line":7,"column":31}},"1":{"start":{"line":8,"column":8},"end":{"line":8,"column":25}},"2":{"start":{"line":9,"column":8},"end":{"line":9,"column":29}},"3":{"start":{"line":10,"column":8},"end":{"line":10,"column":27}},"4":{"start":{"line":11,"column":8},"end":{"line":11,"column":25}},"5":{"start":{"line":15,"column":8},"end":{"line":21,"column":10}},"6":{"start":{"line":25,"column":30},"end":{"line":25,"column":79}},"7":{"start":{"line":26,"column":25},"end":{"line":26,"column":81}},"8":{"start":{"line":27,"column":8},"end":{"line":27,"column":47}},"9":{"start":{"line":31,"column":29},"end":{"line":31,"column":93}},"10":{"start":{"line":32,"column":25},"end":{"line":32,"column":83}},"11":{"start":{"line":33,"column":8},"end":{"line":33,"column":47}},"12":{"start":{"line":37,"column":8},"end":{"line":37,"column":53}},"13":{"start":{"line":41,"column":29},"end":{"line":41,"column":84}},"14":{"start":{"line":42,"column":25},"end":{"line":42,"column":78}},"15":{"start":{"line":43,"column":8},"end":{"line":43,"column":46}},"16":{"start":{"line":54,"column":8},"end":{"line":63,"column":10}}},"fnMap":{"0":{"name":"(anonymous_0)","decl":{"start":{"line":6,"column":4},"end":{"line":6,"column":5}},"loc":{"start":{"line":6,"column":78},"end":{"line":12,"column":5}},"line":6},"1":{"name":"(anonymous_1)","decl":{"start":{"line":14,"column":4},"end":{"line":14,"column":5}},"loc":{"start":{"line":14,"column":13},"end":{"line":22,"column":5}},"line":14},"2":{"name":"(anonymous_2)","decl":{"start":{"line":24,"column":4},"end":{"line":24,"column":5}},"loc":{"start":{"line":24,"column":58},"end":{"line":28,"column":5}},"line":24},"3":{"name":"(anonymous_3)","decl":{"start":{"line":30,"column":4},"end":{"line":30,"column":5}},"loc":{"start":{"line":30,"column":88},"end":{"line":34,"column":5}},"line":30},"4":{"name":"(anonymous_4)","decl":{"start":{"line":36,"column":4},"end":{"line":36,"column":5}},"loc":{"start":{"line":36,"column":46},"end":{"line":38,"column":5}},"line":36},"5":{"name":"(anonymous_5)","decl":{"start":{"line":40,"column":4},"end":{"line":40,"column":5}},"loc":{"start":{"line":40,"column":44},"end":{"line":44,"column":5}},"line":40},"6":{"name":"(anonymous_6)","decl":{"start":{"line":53,"column":4},"end":{"line":53,"column":5}},"loc":{"start":{"line":53,"column":97},"end":{"line":64,"column":5}},"line":53}},"branchMap":{"0":{"loc":{"start":{"line":6,"column":25},"end":{"line":6,"column":36}},"type":"default-arg","locations":[{"start":{"line":6,"column":32},"end":{"line":6,"column":36}}],"line":6},"1":{"loc":{"start":{"line":6,"column":38},"end":{"line":6,"column":49}},"type":"default-arg","locations":[{"start":{"line":6,"column":47},"end":{"line":6,"column":49}}],"line":6},"2":{"loc":{"start":{"line":6,"column":51},"end":{"line":6,"column":64}},"type":"default-arg","locations":[{"start":{"line":6,"column":59},"end":{"line":6,"column":64}}],"line":6},"3":{"loc":{"start":{"line":6,"column":66},"end":{"line":6,"column":76}},"type":"default-arg","locations":[{"start":{"line":6,"column":73},"end":{"line":6,"column":76}}],"line":6},"4":{"loc":{"start":{"line":24,"column":30},"end":{"line":24,"column":40}},"type":"default-arg","locations":[{"start":{"line":24,"column":37},"end":{"line":24,"column":40}}],"line":24},"5":{"loc":{"start":{"line":24,"column":42},"end":{"line":24,"column":56}},"type":"default-arg","locations":[{"start":{"line":24,"column":52},"end":{"line":24,"column":56}}],"line":24},"6":{"loc":{"start":{"line":25,"column":30},"end":{"line":25,"column":79}},"type":"binary-expr","locations":[{"start":{"line":25,"column":30},"end":{"line":25,"column":37}},{"start":{"line":25,"column":41},"end":{"line":25,"column":79}}],"line":25},"7":{"loc":{"start":{"line":30,"column":39},"end":{"line":30,"column":51}},"type":"default-arg","locations":[{"start":{"line":30,"column":47},"end":{"line":30,"column":51}}],"line":30},"8":{"loc":{"start":{"line":30,"column":53},"end":{"line":30,"column":64}},"type":"default-arg","locations":[{"start":{"line":30,"column":62},"end":{"line":30,"column":64}}],"line":30},"9":{"loc":{"start":{"line":30,"column":66},"end":{"line":30,"column":86}},"type":"default-arg","locations":[{"start":{"line":30,"column":82},"end":{"line":30,"column":86}}],"line":30},"10":{"loc":{"start":{"line":31,"column":29},"end":{"line":31,"column":93}},"type":"binary-expr","locations":[{"start":{"line":31,"column":29},"end":{"line":31,"column":42}},{"start":{"line":31,"column":46},"end":{"line":31,"column":93}}],"line":31},"11":{"loc":{"start":{"line":36,"column":30},"end":{"line":36,"column":44}},"type":"default-arg","locations":[{"start":{"line":36,"column":40},"end":{"line":36,"column":44}}],"line":36},"12":{"loc":{"start":{"line":40,"column":28},"end":{"line":40,"column":42}},"type":"default-arg","locations":[{"start":{"line":40,"column":38},"end":{"line":40,"column":42}}],"line":40},"13":{"loc":{"start":{"line":41,"column":29},"end":{"line":41,"column":84}},"type":"binary-expr","locations":[{"start":{"line":41,"column":29},"end":{"line":41,"column":36}},{"start":{"line":41,"column":40},"end":{"line":41,"column":84}}],"line":41},"14":{"loc":{"start":{"line":53,"column":28},"end":{"line":53,"column":44}},"type":"default-arg","locations":[{"start":{"line":53,"column":40},"end":{"line":53,"column":44}}],"line":53},"15":{"loc":{"start":{"line":53,"column":46},"end":{"line":53,"column":95}},"type":"default-arg","locations":[{"start":{"line":53,"column":63},"end":{"line":53,"column":95}}],"line":53},"16":{"loc":{"start":{"line":57,"column":22},"end":{"line":59,"column":63}},"type":"cond-expr","locations":[{"start":{"line":58,"column":22},"end":{"line":58,"column":41}},{"start":{"line":59,"column":22},"end":{"line":59,"column":63}}],"line":57}},"s":{"0":10,"1":10,"2":10,"3":10,"4":10,"5":10,"6":4,"7":4,"8":4,"9":2,"10":2,"11":2,"12":2,"13":2,"14":2,"15":2,"16":0},"f":{"0":10,"1":10,"2":4,"3":2,"4":2,"5":2,"6":0},"b":{"0":[0],"1":[0],"2":[0],"3":[0],"4":[1],"5":[1],"6":[4,2],"7":[1],"8":[1],"9":[1],"10":[2,1],"11":[1],"12":[1],"13":[2,1],"14":[0],"15":[0],"16":[0,0]},"_coverageSchema":"1a1c01bbd47fc00a2c39e90264f33305004495a9","hash":"d2a972f489afaefbd99ce060b1bb3caf1df442a7"}
,"/home/ruanlopes/Documentos/gestao-de-estoque/src/utils/helpers/CustomError.js": {"path":"/home/ruanlopes/Documentos/gestao-de-estoque/src/utils/helpers/CustomError.js","statementMap":{"0":{"start":{"line":26,"column":6},"end":{"line":26,"column":50}},"1":{"start":{"line":27,"column":6},"end":{"line":27,"column":32}},"2":{"start":{"line":28,"column":6},"end":{"line":28,"column":35}},"3":{"start":{"line":29,"column":6},"end":{"line":29,"column":33}},"4":{"start":{"line":30,"column":6},"end":{"line":30,"column":25}},"5":{"start":{"line":31,"column":6},"end":{"line":31,"column":29}},"6":{"start":{"line":32,"column":6},"end":{"line":32,"column":41}},"7":{"start":{"line":34,"column":6},"end":{"line":34,"column":32}},"8":{"start":{"line":35,"column":6},"end":{"line":35,"column":54}}},"fnMap":{"0":{"name":"(anonymous_0)","decl":{"start":{"line":24,"column":4},"end":{"line":24,"column":5}},"loc":{"start":{"line":24,"column":98},"end":{"line":36,"column":5}},"line":24}},"branchMap":{"0":{"loc":{"start":{"line":24,"column":16},"end":{"line":24,"column":96}},"type":"default-arg","locations":[{"start":{"line":24,"column":94},"end":{"line":24,"column":96}}],"line":24},"1":{"loc":{"start":{"line":24,"column":41},"end":{"line":24,"column":53}},"type":"default-arg","locations":[{"start":{"line":24,"column":49},"end":{"line":24,"column":53}}],"line":24},"2":{"loc":{"start":{"line":24,"column":55},"end":{"line":24,"column":67}},"type":"default-arg","locations":[{"start":{"line":24,"column":65},"end":{"line":24,"column":67}}],"line":24},"3":{"loc":{"start":{"line":24,"column":69},"end":{"line":24,"column":89}},"type":"default-arg","locations":[{"start":{"line":24,"column":85},"end":{"line":24,"column":89}}],"line":24},"4":{"loc":{"start":{"line":26,"column":12},"end":{"line":26,"column":48}},"type":"binary-expr","locations":[{"start":{"line":26,"column":12},"end":{"line":26,"column":25}},{"start":{"line":26,"column":29},"end":{"line":26,"column":48}}],"line":26}},"s":{"0":14,"1":14,"2":14,"3":14,"4":14,"5":14,"6":14,"7":14,"8":14},"f":{"0":14},"b":{"0":[0],"1":[2],"2":[2],"3":[1],"4":[14,1]},"_coverageSchema":"1a1c01bbd47fc00a2c39e90264f33305004495a9","hash":"c8a525e627bb6c892798b22c366dfebf683836bd"}
,"/home/ruanlopes/Documentos/gestao-de-estoque/src/utils/helpers/HttpStatusCodes.js": {"path":"/home/ruanlopes/Documentos/gestao-de-estoque/src/utils/helpers/HttpStatusCodes.js","statementMap":{"0":{"start":{"line":4,"column":16},"end":{"line":4,"column":65}},"1":{"start":{"line":5,"column":21},"end":{"line":5,"column":73}},"2":{"start":{"line":6,"column":22},"end":{"line":6,"column":84}},"3":{"start":{"line":7,"column":24},"end":{"line":7,"column":76}},"4":{"start":{"line":8,"column":27},"end":{"line":8,"column":94}},"5":{"start":{"line":9,"column":29},"end":{"line":9,"column":81}},"6":{"start":{"line":10,"column":26},"end":{"line":10,"column":92}},"7":{"start":{"line":11,"column":30},"end":{"line":11,"column":76}},"8":{"start":{"line":13,"column":30},"end":{"line":13,"column":114}},"9":{"start":{"line":14,"column":31},"end":{"line":14,"column":109}},"10":{"start":{"line":15,"column":19},"end":{"line":15,"column":113}},"11":{"start":{"line":16,"column":23},"end":{"line":16,"column":85}},"12":{"start":{"line":17,"column":26},"end":{"line":17,"column":99}},"13":{"start":{"line":18,"column":23},"end":{"line":18,"column":94}},"14":{"start":{"line":19,"column":32},"end":{"line":19,"column":110}},"15":{"start":{"line":20,"column":32},"end":{"line":20,"column":110}},"16":{"start":{"line":22,"column":25},"end":{"line":22,"column":83}},"17":{"start":{"line":23,"column":26},"end":{"line":23,"column":66}},"18":{"start":{"line":24,"column":23},"end":{"line":24,"column":57}},"19":{"start":{"line":25,"column":23},"end":{"line":25,"column":71}},"20":{"start":{"line":26,"column":32},"end":{"line":26,"column":109}},"21":{"start":{"line":27,"column":29},"end":{"line":27,"column":83}},"22":{"start":{"line":28,"column":22},"end":{"line":28,"column":87}},"23":{"start":{"line":29,"column":18},"end":{"line":29,"column":76}},"24":{"start":{"line":30,"column":31},"end":{"line":30,"column":93}},"25":{"start":{"line":31,"column":25},"end":{"line":31,"column":72}},"26":{"start":{"line":32,"column":34},"end":{"line":32,"column":78}},"27":{"start":{"line":33,"column":20},"end":{"line":33,"column":63}},"28":{"start":{"line":34,"column":45},"end":{"line":34,"column":113}},"29":{"start":{"line":35,"column":43},"end":{"line":35,"column":101}},"30":{"start":{"line":36,"column":27},"end":{"line":36,"column":79}},"31":{"start":{"line":38,"column":35},"end":{"line":38,"column":85}},"32":{"start":{"line":39,"column":29},"end":{"line":39,"column":83}},"33":{"start":{"line":40,"column":25},"end":{"line":40,"column":98}},"34":{"start":{"line":41,"column":33},"end":{"line":41,"column":95}}},"fnMap":{},"branchMap":{},"s":{"0":9,"1":9,"2":9,"3":9,"4":9,"5":9,"6":9,"7":9,"8":9,"9":9,"10":9,"11":9,"12":9,"13":9,"14":9,"15":9,"16":9,"17":9,"18":9,"19":9,"20":9,"21":9,"22":9,"23":9,"24":9,"25":9,"26":9,"27":9,"28":9,"29":9,"30":9,"31":9,"32":9,"33":9,"34":9},"f":{},"b":{},"_coverageSchema":"1a1c01bbd47fc00a2c39e90264f33305004495a9","hash":"3454d2a9d2363b681de5afb476bf7913324d07ec"}
,"/home/ruanlopes/Documentos/gestao-de-estoque/src/utils/helpers/StatusService.js": {"path":"/home/ruanlopes/Documentos/gestao-de-estoque/src/utils/helpers/StatusService.js","statementMap":{"0":{"start":{"line":13,"column":23},"end":{"line":13,"column":90}},"1":{"start":{"line":13,"column":69},"end":{"line":13,"column":89}},"2":{"start":{"line":14,"column":8},"end":{"line":14,"column":64}},"3":{"start":{"line":24,"column":8},"end":{"line":29,"column":9}},"4":{"start":{"line":25,"column":12},"end":{"line":27,"column":13}},"5":{"start":{"line":26,"column":16},"end":{"line":26,"column":51}},"6":{"start":{"line":28,"column":12},"end":{"line":28,"column":40}},"7":{"start":{"line":30,"column":8},"end":{"line":30,"column":44}}},"fnMap":{"0":{"name":"(anonymous_0)","decl":{"start":{"line":12,"column":4},"end":{"line":12,"column":5}},"loc":{"start":{"line":12,"column":36},"end":{"line":15,"column":5}},"line":12},"1":{"name":"(anonymous_1)","decl":{"start":{"line":13,"column":59},"end":{"line":13,"column":60}},"loc":{"start":{"line":13,"column":69},"end":{"line":13,"column":89}},"line":13},"2":{"name":"(anonymous_2)","decl":{"start":{"line":23,"column":4},"end":{"line":23,"column":5}},"loc":{"start":{"line":23,"column":47},"end":{"line":31,"column":5}},"line":23}},"branchMap":{"0":{"loc":{"start":{"line":14,"column":15},"end":{"line":14,"column":63}},"type":"cond-expr","locations":[{"start":{"line":14,"column":24},"end":{"line":14,"column":38}},{"start":{"line":14,"column":41},"end":{"line":14,"column":63}}],"line":14},"1":{"loc":{"start":{"line":23,"column":33},"end":{"line":23,"column":45}},"type":"default-arg","locations":[{"start":{"line":23,"column":41},"end":{"line":23,"column":45}}],"line":23},"2":{"loc":{"start":{"line":24,"column":8},"end":{"line":29,"column":9}},"type":"if","locations":[{"start":{"line":24,"column":8},"end":{"line":29,"column":9}},{"start":{},"end":{}}],"line":24},"3":{"loc":{"start":{"line":25,"column":12},"end":{"line":27,"column":13}},"type":"if","locations":[{"start":{"line":25,"column":12},"end":{"line":27,"column":13}},{"start":{},"end":{}}],"line":25}},"s":{"0":2,"1":37,"2":2,"3":3,"4":2,"5":1,"6":1,"7":1},"f":{"0":2,"1":37,"2":3},"b":{"0":[1,1],"1":[2],"2":[2,1],"3":[1,1]},"_coverageSchema":"1a1c01bbd47fc00a2c39e90264f33305004495a9","hash":"668f6dd0f168b9fdeb53ef269fbd73b7c7cfb24b"}
,"/home/ruanlopes/Documentos/gestao-de-estoque/src/utils/helpers/errorHandler.js": {"path":"/home/ruanlopes/Documentos/gestao-de-estoque/src/utils/helpers/errorHandler.js","statementMap":{"0":{"start":{"line":22,"column":21},"end":{"line":133,"column":1}},"1":{"start":{"line":24,"column":23},"end":{"line":24,"column":60}},"2":{"start":{"line":26,"column":18},"end":{"line":26,"column":26}},"3":{"start":{"line":27,"column":20},"end":{"line":27,"column":42}},"4":{"start":{"line":30,"column":2},"end":{"line":40,"column":3}},"5":{"start":{"line":32,"column":4},"end":{"line":39,"column":6}},"6":{"start":{"line":37,"column":27},"end":{"line":37,"column":73}},"7":{"start":{"line":43,"column":2},"end":{"line":55,"column":3}},"8":{"start":{"line":44,"column":18},"end":{"line":44,"column":52}},"9":{"start":{"line":45,"column":18},"end":{"line":45,"column":66}},"10":{"start":{"line":47,"column":4},"end":{"line":54,"column":6}},"11":{"start":{"line":58,"column":2},"end":{"line":62,"column":3}},"12":{"start":{"line":59,"column":21},"end":{"line":59,"column":95}},"13":{"start":{"line":59,"column":57},"end":{"line":59,"column":93}},"14":{"start":{"line":61,"column":4},"end":{"line":61,"column":77}},"15":{"start":{"line":65,"column":2},"end":{"line":75,"column":3}},"16":{"start":{"line":67,"column":4},"end":{"line":74,"column":6}},"17":{"start":{"line":78,"column":2},"end":{"line":88,"column":3}},"18":{"start":{"line":80,"column":4},"end":{"line":87,"column":6}},"19":{"start":{"line":91,"column":2},"end":{"line":101,"column":3}},"20":{"start":{"line":93,"column":4},"end":{"line":100,"column":6}},"21":{"start":{"line":103,"column":2},"end":{"line":112,"column":1}},"22":{"start":{"line":104,"column":4},"end":{"line":111,"column":6}},"23":{"start":{"line":115,"column":0},"end":{"line":124,"column":1}},"24":{"start":{"line":116,"column":4},"end":{"line":123,"column":6}},"25":{"start":{"line":128,"column":19},"end":{"line":130,"column":50}},"26":{"start":{"line":132,"column":2},"end":{"line":132,"column":71}}},"fnMap":{"0":{"name":"(anonymous_0)","decl":{"start":{"line":22,"column":21},"end":{"line":22,"column":22}},"loc":{"start":{"line":22,"column":46},"end":{"line":133,"column":1}},"line":22},"1":{"name":"(anonymous_1)","decl":{"start":{"line":37,"column":21},"end":{"line":37,"column":22}},"loc":{"start":{"line":37,"column":27},"end":{"line":37,"column":73}},"line":37},"2":{"name":"(anonymous_2)","decl":{"start":{"line":59,"column":51},"end":{"line":59,"column":52}},"loc":{"start":{"line":59,"column":57},"end":{"line":59,"column":93}},"line":59}},"branchMap":{"0":{"loc":{"start":{"line":27,"column":20},"end":{"line":27,"column":42}},"type":"binary-expr","locations":[{"start":{"line":27,"column":20},"end":{"line":27,"column":33}},{"start":{"line":27,"column":37},"end":{"line":27,"column":42}}],"line":27},"1":{"loc":{"start":{"line":30,"column":2},"end":{"line":40,"column":3}},"type":"if","locations":[{"start":{"line":30,"column":2},"end":{"line":40,"column":3}},{"start":{},"end":{}}],"line":30},"2":{"loc":{"start":{"line":43,"column":2},"end":{"line":55,"column":3}},"type":"if","locations":[{"start":{"line":43,"column":2},"end":{"line":55,"column":3}},{"start":{},"end":{}}],"line":43},"3":{"loc":{"start":{"line":44,"column":30},"end":{"line":44,"column":48}},"type":"binary-expr","locations":[{"start":{"line":44,"column":30},"end":{"line":44,"column":42}},{"start":{"line":44,"column":46},"end":{"line":44,"column":48}}],"line":44},"4":{"loc":{"start":{"line":45,"column":18},"end":{"line":45,"column":66}},"type":"cond-expr","locations":[{"start":{"line":45,"column":33},"end":{"line":45,"column":52}},{"start":{"line":45,"column":55},"end":{"line":45,"column":66}}],"line":45},"5":{"loc":{"start":{"line":58,"column":2},"end":{"line":62,"column":3}},"type":"if","locations":[{"start":{"line":58,"column":2},"end":{"line":62,"column":3}},{"start":{},"end":{}}],"line":58},"6":{"loc":{"start":{"line":65,"column":2},"end":{"line":75,"column":3}},"type":"if","locations":[{"start":{"line":65,"column":2},"end":{"line":75,"column":3}},{"start":{},"end":{}}],"line":65},"7":{"loc":{"start":{"line":65,"column":6},"end":{"line":65,"column":76}},"type":"binary-expr","locations":[{"start":{"line":65,"column":6},"end":{"line":65,"column":40}},{"start":{"line":65,"column":44},"end":{"line":65,"column":76}}],"line":65},"8":{"loc":{"start":{"line":78,"column":2},"end":{"line":88,"column":3}},"type":"if","locations":[{"start":{"line":78,"column":2},"end":{"line":88,"column":3}},{"start":{},"end":{}}],"line":78},"9":{"loc":{"start":{"line":78,"column":6},"end":{"line":78,"column":68}},"type":"binary-expr","locations":[{"start":{"line":78,"column":6},"end":{"line":78,"column":32}},{"start":{"line":78,"column":36},"end":{"line":78,"column":68}}],"line":78},"10":{"loc":{"start":{"line":82,"column":6},"end":{"line":82,"column":27}},"type":"binary-expr","locations":[{"start":{"line":82,"column":6},"end":{"line":82,"column":20}},{"start":{"line":82,"column":24},"end":{"line":82,"column":27}}],"line":82},"11":{"loc":{"start":{"line":85,"column":18},"end":{"line":85,"column":56}},"type":"binary-expr","locations":[{"start":{"line":85,"column":18},"end":{"line":85,"column":35}},{"start":{"line":85,"column":39},"end":{"line":85,"column":56}}],"line":85},"12":{"loc":{"start":{"line":86,"column":6},"end":{"line":86,"column":77}},"type":"binary-expr","locations":[{"start":{"line":86,"column":6},"end":{"line":86,"column":23}},{"start":{"line":86,"column":27},"end":{"line":86,"column":77}}],"line":86},"13":{"loc":{"start":{"line":91,"column":2},"end":{"line":101,"column":3}},"type":"if","locations":[{"start":{"line":91,"column":2},"end":{"line":101,"column":3}},{"start":{},"end":{}}],"line":91},"14":{"loc":{"start":{"line":96,"column":6},"end":{"line":96,"column":41}},"type":"binary-expr","locations":[{"start":{"line":96,"column":6},"end":{"line":96,"column":19}},{"start":{"line":96,"column":23},"end":{"line":96,"column":41}}],"line":96},"15":{"loc":{"start":{"line":97,"column":6},"end":{"line":97,"column":23}},"type":"binary-expr","locations":[{"start":{"line":97,"column":6},"end":{"line":97,"column":15}},{"start":{"line":97,"column":19},"end":{"line":97,"column":23}}],"line":97},"16":{"loc":{"start":{"line":98,"column":6},"end":{"line":98,"column":23}},"type":"binary-expr","locations":[{"start":{"line":98,"column":6},"end":{"line":98,"column":17}},{"start":{"line":98,"column":21},"end":{"line":98,"column":23}}],"line":98},"17":{"loc":{"start":{"line":99,"column":6},"end":{"line":99,"column":46}},"type":"binary-expr","locations":[{"start":{"line":99,"column":6},"end":{"line":99,"column":23}},{"start":{"line":99,"column":27},"end":{"line":99,"column":46}}],"line":99},"18":{"loc":{"start":{"line":103,"column":2},"end":{"line":112,"column":1}},"type":"if","locations":[{"start":{"line":103,"column":2},"end":{"line":112,"column":1}},{"start":{},"end":{}}],"line":103},"19":{"loc":{"start":{"line":115,"column":0},"end":{"line":124,"column":1}},"type":"if","locations":[{"start":{"line":115,"column":0},"end":{"line":124,"column":1}},{"start":{},"end":{}}],"line":115},"20":{"loc":{"start":{"line":115,"column":4},"end":{"line":115,"column":74}},"type":"binary-expr","locations":[{"start":{"line":115,"column":4},"end":{"line":115,"column":38}},{"start":{"line":115,"column":42},"end":{"line":115,"column":74}}],"line":115},"21":{"loc":{"start":{"line":119,"column":8},"end":{"line":119,"column":36}},"type":"binary-expr","locations":[{"start":{"line":119,"column":8},"end":{"line":119,"column":21}},{"start":{"line":119,"column":25},"end":{"line":119,"column":36}}],"line":119},"22":{"loc":{"start":{"line":128,"column":19},"end":{"line":130,"column":50}},"type":"cond-expr","locations":[{"start":{"line":129,"column":6},"end":{"line":129,"column":71}},{"start":{"line":130,"column":6},"end":{"line":130,"column":50}}],"line":128}},"s":{"0":6,"1":9,"2":9,"3":9,"4":9,"5":1,"6":1,"7":8,"8":1,"9":1,"10":1,"11":7,"12":1,"13":2,"14":1,"15":6,"16":2,"17":4,"18":2,"19":2,"20":1,"21":1,"22":0,"23":1,"24":0,"25":1,"26":1},"f":{"0":9,"1":1,"2":2},"b":{"0":[9,0],"1":[1,8],"2":[1,7],"3":[1,0],"4":[1,0],"5":[1,6],"6":[2,4],"7":[6,5],"8":[2,2],"9":[4,2],"10":[2,0],"11":[2,0],"12":[2,0],"13":[1,1],"14":[1,0],"15":[1,0],"16":[1,0],"17":[1,0],"18":[0,1],"19":[0,1],"20":[1,1],"21":[0,0],"22":[0,1]},"_coverageSchema":"1a1c01bbd47fc00a2c39e90264f33305004495a9","hash":"173a1b66d26c7ec7f0f9546da255274deecdbc34"}
,"/home/ruanlopes/Documentos/gestao-de-estoque/src/utils/helpers/index.js": {"path":"/home/ruanlopes/Documentos/gestao-de-estoque/src/utils/helpers/index.js","statementMap":{},"fnMap":{},"branchMap":{},"s":{},"f":{},"b":{},"_coverageSchema":"1a1c01bbd47fc00a2c39e90264f33305004495a9","hash":"89275f0aa26b308fe456227d9c55db43ba838d5f"}
,"/home/ruanlopes/Documentos/gestao-de-estoque/src/utils/helpers/messages.js": {"path":"/home/ruanlopes/Documentos/gestao-de-estoque/src/utils/helpers/messages.js","statementMap":{"0":{"start":{"line":3,"column":17},"end":{"line":96,"column":1}},"1":{"start":{"line":7,"column":36},"end":{"line":7,"column":77}},"2":{"start":{"line":33,"column":43},"end":{"line":33,"column":95}},"3":{"start":{"line":34,"column":36},"end":{"line":34,"column":71}},"4":{"start":{"line":35,"column":56},"end":{"line":35,"column":117}},"5":{"start":{"line":36,"column":38},"end":{"line":36,"column":77}},"6":{"start":{"line":37,"column":39},"end":{"line":37,"column":75}},"7":{"start":{"line":38,"column":39},"end":{"line":38,"column":112}},"8":{"start":{"line":39,"column":38},"end":{"line":39,"column":71}},"9":{"start":{"line":40,"column":44},"end":{"line":40,"column":83}},"10":{"start":{"line":41,"column":40},"end":{"line":41,"column":76}},"11":{"start":{"line":42,"column":37},"end":{"line":42,"column":66}},"12":{"start":{"line":48,"column":44},"end":{"line":48,"column":81}},"13":{"start":{"line":49,"column":44},"end":{"line":49,"column":96}},"14":{"start":{"line":50,"column":47},"end":{"line":50,"column":103}},"15":{"start":{"line":51,"column":36},"end":{"line":51,"column":81}},"16":{"start":{"line":52,"column":37},"end":{"line":52,"column":100}},"17":{"start":{"line":53,"column":48},"end":{"line":53,"column":127}},"18":{"start":{"line":54,"column":44},"end":{"line":54,"column":81}},"19":{"start":{"line":55,"column":44},"end":{"line":55,"column":85}},"20":{"start":{"line":56,"column":44},"end":{"line":56,"column":83}},"21":{"start":{"line":57,"column":50},"end":{"line":57,"column":75}},"22":{"start":{"line":60,"column":60},"end":{"line":60,"column":124}},"23":{"start":{"line":86,"column":34},"end":{"line":86,"column":76}},"24":{"start":{"line":88,"column":39},"end":{"line":88,"column":88}},"25":{"start":{"line":93,"column":39},"end":{"line":93,"column":85}}},"fnMap":{"0":{"name":"(anonymous_0)","decl":{"start":{"line":7,"column":22},"end":{"line":7,"column":23}},"loc":{"start":{"line":7,"column":36},"end":{"line":7,"column":77}},"line":7},"1":{"name":"(anonymous_1)","decl":{"start":{"line":33,"column":29},"end":{"line":33,"column":30}},"loc":{"start":{"line":33,"column":43},"end":{"line":33,"column":95}},"line":33},"2":{"name":"(anonymous_2)","decl":{"start":{"line":34,"column":22},"end":{"line":34,"column":23}},"loc":{"start":{"line":34,"column":36},"end":{"line":34,"column":71}},"line":34},"3":{"name":"(anonymous_3)","decl":{"start":{"line":35,"column":26},"end":{"line":35,"column":27}},"loc":{"start":{"line":35,"column":56},"end":{"line":35,"column":117}},"line":35},"4":{"name":"(anonymous_4)","decl":{"start":{"line":36,"column":28},"end":{"line":36,"column":29}},"loc":{"start":{"line":36,"column":38},"end":{"line":36,"column":77}},"line":36},"5":{"name":"(anonymous_5)","decl":{"start":{"line":37,"column":29},"end":{"line":37,"column":30}},"loc":{"start":{"line":37,"column":39},"end":{"line":37,"column":75}},"line":37},"6":{"name":"(anonymous_6)","decl":{"start":{"line":38,"column":24},"end":{"line":38,"column":25}},"loc":{"start":{"line":38,"column":39},"end":{"line":38,"column":112}},"line":38},"7":{"name":"(anonymous_7)","decl":{"start":{"line":39,"column":23},"end":{"line":39,"column":24}},"loc":{"start":{"line":39,"column":38},"end":{"line":39,"column":71}},"line":39},"8":{"name":"(anonymous_8)","decl":{"start":{"line":40,"column":29},"end":{"line":40,"column":30}},"loc":{"start":{"line":40,"column":44},"end":{"line":40,"column":83}},"line":40},"9":{"name":"(anonymous_9)","decl":{"start":{"line":41,"column":25},"end":{"line":41,"column":26}},"loc":{"start":{"line":41,"column":40},"end":{"line":41,"column":76}},"line":41},"10":{"name":"(anonymous_10)","decl":{"start":{"line":42,"column":26},"end":{"line":42,"column":27}},"loc":{"start":{"line":42,"column":37},"end":{"line":42,"column":66}},"line":42},"11":{"name":"(anonymous_11)","decl":{"start":{"line":48,"column":29},"end":{"line":48,"column":30}},"loc":{"start":{"line":48,"column":44},"end":{"line":48,"column":81}},"line":48},"12":{"name":"(anonymous_12)","decl":{"start":{"line":49,"column":29},"end":{"line":49,"column":30}},"loc":{"start":{"line":49,"column":44},"end":{"line":49,"column":96}},"line":49},"13":{"name":"(anonymous_13)","decl":{"start":{"line":50,"column":32},"end":{"line":50,"column":33}},"loc":{"start":{"line":50,"column":47},"end":{"line":50,"column":103}},"line":50},"14":{"name":"(anonymous_14)","decl":{"start":{"line":51,"column":21},"end":{"line":51,"column":22}},"loc":{"start":{"line":51,"column":36},"end":{"line":51,"column":81}},"line":51},"15":{"name":"(anonymous_15)","decl":{"start":{"line":52,"column":22},"end":{"line":52,"column":23}},"loc":{"start":{"line":52,"column":37},"end":{"line":52,"column":100}},"line":52},"16":{"name":"(anonymous_16)","decl":{"start":{"line":53,"column":25},"end":{"line":53,"column":26}},"loc":{"start":{"line":53,"column":48},"end":{"line":53,"column":127}},"line":53},"17":{"name":"(anonymous_17)","decl":{"start":{"line":54,"column":29},"end":{"line":54,"column":30}},"loc":{"start":{"line":54,"column":44},"end":{"line":54,"column":81}},"line":54},"18":{"name":"(anonymous_18)","decl":{"start":{"line":55,"column":29},"end":{"line":55,"column":30}},"loc":{"start":{"line":55,"column":44},"end":{"line":55,"column":85}},"line":55},"19":{"name":"(anonymous_19)","decl":{"start":{"line":56,"column":29},"end":{"line":56,"column":30}},"loc":{"start":{"line":56,"column":44},"end":{"line":56,"column":83}},"line":56},"20":{"name":"(anonymous_20)","decl":{"start":{"line":57,"column":35},"end":{"line":57,"column":36}},"loc":{"start":{"line":57,"column":50},"end":{"line":57,"column":75}},"line":57},"21":{"name":"(anonymous_21)","decl":{"start":{"line":60,"column":35},"end":{"line":60,"column":36}},"loc":{"start":{"line":60,"column":60},"end":{"line":60,"column":124}},"line":60},"22":{"name":"(anonymous_22)","decl":{"start":{"line":86,"column":22},"end":{"line":86,"column":23}},"loc":{"start":{"line":86,"column":34},"end":{"line":86,"column":76}},"line":86},"23":{"name":"(anonymous_23)","decl":{"start":{"line":88,"column":24},"end":{"line":88,"column":25}},"loc":{"start":{"line":88,"column":39},"end":{"line":88,"column":88}},"line":88},"24":{"name":"(anonymous_24)","decl":{"start":{"line":93,"column":28},"end":{"line":93,"column":29}},"loc":{"start":{"line":93,"column":39},"end":{"line":93,"column":85}},"line":93}},"branchMap":{},"s":{"0":10,"1":1,"2":0,"3":0,"4":0,"5":1,"6":1,"7":1,"8":1,"9":0,"10":0,"11":1,"12":1,"13":1,"14":1,"15":1,"16":1,"17":1,"18":1,"19":1,"20":1,"21":1,"22":1,"23":1,"24":1,"25":1},"f":{"0":1,"1":0,"2":0,"3":0,"4":1,"5":1,"6":1,"7":1,"8":0,"9":0,"10":1,"11":1,"12":1,"13":1,"14":1,"15":1,"16":1,"17":1,"18":1,"19":1,"20":1,"21":1,"22":1,"23":1,"24":1},"b":{},"_coverageSchema":"1a1c01bbd47fc00a2c39e90264f33305004495a9","hash":"aabb5e0a3d366ab898488ddc0cc57a0a505bba45"}
}
