TN:
SF:src/models/Produto.js
FN:6,(anonymous_0)
FNF:1
FNH:1
FNDA:1,(anonymous_0)
DA:7,1
DA:27,1
DA:28,1
LF:3
LH:3
BRF:0
BRH:0
end_of_record
TN:
SF:src/models/Usuario.js
FN:5,(anonymous_0)
FNF:1
FNH:1
FNDA:1,(anonymous_0)
DA:6,1
DA:25,1
DA:26,1
LF:3
LH:3
BRF:0
BRH:0
end_of_record
TN:
SF:src/repositories/produtoRepository.js
FN:7,(anonymous_0)
FN:11,(anonymous_1)
FN:71,(anonymous_2)
FN:110,(anonymous_3)
FN:124,(anonymous_4)
FN:140,(anonymous_5)
FN:194,(anonymous_6)
FN:208,(anonymous_7)
FN:214,(anonymous_8)
FN:223,(anonymous_9)
FNF:10
FNH:9
FNDA:15,(anonymous_0)
FNDA:4,(anonymous_1)
FNDA:0,(anonymous_2)
FNDA:2,(anonymous_3)
FNDA:2,(anonymous_4)
FNDA:2,(anonymous_5)
FNDA:2,(anonymous_6)
FNDA:1,(anonymous_7)
FNDA:1,(anonymous_8)
FNDA:1,(anonymous_9)
DA:8,15
DA:12,4
DA:14,4
DA:16,4
DA:17,2
DA:20,2
DA:21,1
DA:30,1
DA:34,2
DA:35,2
DA:37,2
DA:39,2
DA:40,2
DA:41,2
DA:44,2
DA:45,0
DA:46,0
DA:49,2
DA:50,0
DA:51,0
DA:54,2
DA:56,0
DA:57,0
DA:61,2
DA:64,0
DA:65,0
DA:70,0
DA:71,0
DA:73,0
DA:74,0
DA:78,0
DA:79,0
DA:82,0
DA:83,0
DA:98,2
DA:105,2
DA:106,2
DA:107,2
DA:111,2
DA:112,2
DA:113,1
DA:121,1
DA:125,2
DA:126,2
DA:127,1
DA:136,1
DA:137,0
DA:141,2
DA:142,2
DA:145,2
DA:146,0
DA:155,2
DA:156,0
DA:161,0
DA:162,0
DA:173,2
DA:179,2
DA:181,2
DA:182,1
DA:191,1
DA:195,2
DA:196,2
DA:197,1
DA:205,1
DA:209,1
DA:215,1
DA:220,1
DA:224,1
DA:229,1
LF:69
LH:48
BRDA:7,0,0,0
BRDA:7,1,0,0
BRDA:14,2,0,4
BRDA:14,2,1,0
BRDA:16,3,0,2
BRDA:16,3,1,2
BRDA:20,4,0,1
BRDA:20,4,1,1
BRDA:34,5,0,1
BRDA:34,6,0,2
BRDA:34,6,1,0
BRDA:35,7,0,2
BRDA:35,7,1,1
BRDA:39,8,0,2
BRDA:39,8,1,0
BRDA:44,9,0,0
BRDA:44,9,1,2
BRDA:49,10,0,0
BRDA:49,10,1,2
BRDA:54,11,0,0
BRDA:54,11,1,2
BRDA:61,12,0,0
BRDA:61,12,1,2
BRDA:70,13,0,0
BRDA:70,13,1,0
BRDA:112,14,0,1
BRDA:112,14,1,1
BRDA:126,15,0,1
BRDA:126,15,1,1
BRDA:145,16,0,0
BRDA:145,16,1,2
BRDA:155,17,0,0
BRDA:155,17,1,2
BRDA:161,18,0,0
BRDA:161,18,1,0
BRDA:179,19,0,1
BRDA:179,19,1,1
BRDA:181,20,0,1
BRDA:181,20,1,1
BRDA:196,21,0,1
BRDA:196,21,1,1
BRF:41
BRH:26
end_of_record
