TN:
SF:src/middlewares/asyncWrapper.js
FN:3,(anonymous_0)
FN:4,(anonymous_1)
FNF:2
FNH:0
FNDA:0,(anonymous_0)
FNDA:0,(anonymous_1)
DA:3,2
DA:4,0
DA:5,0
LF:3
LH:1
BRF:0
BRH:0
end_of_record
TN:
SF:src/models/Produto.js
FN:6,(anonymous_0)
FNF:1
FNH:1
FNDA:1,(anonymous_0)
DA:7,1
DA:27,1
DA:28,1
LF:3
LH:3
BRF:0
BRH:0
end_of_record
TN:
SF:src/models/Usuario.js
FN:5,(anonymous_0)
FNF:1
FNH:1
FNDA:1,(anonymous_0)
DA:6,1
DA:25,1
DA:26,1
LF:3
LH:3
BRF:0
BRH:0
end_of_record
TN:
SF:src/repositories/produtoRepository.js
FN:8,(anonymous_0)
FN:12,(anonymous_1)
FN:72,(anonymous_2)
FN:111,(anonymous_3)
FN:125,(anonymous_4)
FN:141,(anonymous_5)
FN:195,(anonymous_6)
FN:209,(anonymous_7)
FN:215,(anonymous_8)
FN:224,(anonymous_9)
FNF:10
FNH:9
FNDA:15,(anonymous_0)
FNDA:4,(anonymous_1)
FNDA:0,(anonymous_2)
FNDA:2,(anonymous_3)
FNDA:2,(anonymous_4)
FNDA:2,(anonymous_5)
FNDA:2,(anonymous_6)
FNDA:1,(anonymous_7)
FNDA:1,(anonymous_8)
FNDA:1,(anonymous_9)
DA:9,15
DA:13,4
DA:15,4
DA:17,4
DA:18,2
DA:21,2
DA:22,1
DA:31,1
DA:35,2
DA:36,2
DA:38,2
DA:40,2
DA:41,2
DA:42,2
DA:45,2
DA:46,0
DA:47,0
DA:50,2
DA:51,0
DA:52,0
DA:55,2
DA:57,0
DA:58,0
DA:62,2
DA:65,0
DA:66,0
DA:71,0
DA:72,0
DA:74,0
DA:75,0
DA:79,0
DA:80,0
DA:83,0
DA:84,0
DA:99,2
DA:106,2
DA:107,2
DA:108,2
DA:112,2
DA:113,2
DA:114,1
DA:122,1
DA:126,2
DA:127,2
DA:128,1
DA:137,1
DA:138,1
DA:142,2
DA:143,2
DA:146,2
DA:147,0
DA:156,2
DA:157,0
DA:162,0
DA:163,0
DA:174,2
DA:180,2
DA:182,2
DA:183,1
DA:192,1
DA:196,2
DA:197,2
DA:198,1
DA:206,1
DA:210,1
DA:216,1
DA:221,1
DA:225,1
DA:230,1
LF:69
LH:49
BRDA:8,0,0,0
BRDA:8,1,0,0
BRDA:15,2,0,4
BRDA:15,2,1,0
BRDA:17,3,0,2
BRDA:17,3,1,2
BRDA:21,4,0,1
BRDA:21,4,1,1
BRDA:35,5,0,1
BRDA:35,6,0,2
BRDA:35,6,1,0
BRDA:36,7,0,2
BRDA:36,7,1,1
BRDA:40,8,0,2
BRDA:40,8,1,0
BRDA:45,9,0,0
BRDA:45,9,1,2
BRDA:50,10,0,0
BRDA:50,10,1,2
BRDA:55,11,0,0
BRDA:55,11,1,2
BRDA:62,12,0,0
BRDA:62,12,1,2
BRDA:71,13,0,0
BRDA:71,13,1,0
BRDA:113,14,0,1
BRDA:113,14,1,1
BRDA:127,15,0,1
BRDA:127,15,1,1
BRDA:146,16,0,0
BRDA:146,16,1,2
BRDA:156,17,0,0
BRDA:156,17,1,2
BRDA:162,18,0,0
BRDA:162,18,1,0
BRDA:180,19,0,1
BRDA:180,19,1,1
BRDA:182,20,0,1
BRDA:182,20,1,1
BRDA:197,21,0,1
BRDA:197,21,1,1
BRF:41
BRH:26
end_of_record
TN:
SF:src/repositories/filters/ProdutoFilterBuilder.js
FN:2,(anonymous_0)
FN:6,(anonymous_1)
FN:13,(anonymous_2)
FN:20,(anonymous_3)
FN:27,(anonymous_4)
FN:34,(anonymous_5)
FN:41,(anonymous_6)
FN:48,(anonymous_7)
FN:55,(anonymous_8)
FN:66,(anonymous_9)
FNF:10
FNH:0
FNDA:0,(anonymous_0)
FNDA:0,(anonymous_1)
FNDA:0,(anonymous_2)
FNDA:0,(anonymous_3)
FNDA:0,(anonymous_4)
FNDA:0,(anonymous_5)
FNDA:0,(anonymous_6)
FNDA:0,(anonymous_7)
FNDA:0,(anonymous_8)
FNDA:0,(anonymous_9)
DA:3,0
DA:7,0
DA:8,0
DA:10,0
DA:14,0
DA:15,0
DA:17,0
DA:21,0
DA:22,0
DA:24,0
DA:28,0
DA:29,0
DA:31,0
DA:35,0
DA:36,0
DA:38,0
DA:42,0
DA:43,0
DA:45,0
DA:49,0
DA:50,0
DA:52,0
DA:56,0
DA:58,0
DA:59,0
DA:61,0
DA:63,0
DA:67,0
LF:28
LH:0
BRDA:7,0,0,0
BRDA:7,0,1,0
BRDA:7,1,0,0
BRDA:7,1,1,0
BRDA:14,2,0,0
BRDA:14,2,1,0
BRDA:14,3,0,0
BRDA:14,3,1,0
BRDA:21,4,0,0
BRDA:21,4,1,0
BRDA:21,5,0,0
BRDA:21,5,1,0
BRDA:28,6,0,0
BRDA:28,6,1,0
BRDA:28,7,0,0
BRDA:28,7,1,0
BRDA:28,7,2,0
BRDA:35,8,0,0
BRDA:35,8,1,0
BRDA:35,9,0,0
BRDA:35,9,1,0
BRDA:35,9,2,0
BRDA:42,10,0,0
BRDA:42,10,1,0
BRDA:42,11,0,0
BRDA:42,11,1,0
BRDA:42,11,2,0
BRDA:49,12,0,0
BRDA:49,12,1,0
BRDA:49,13,0,0
BRDA:49,13,1,0
BRDA:56,14,0,0
BRDA:56,14,1,0
BRDA:58,15,0,0
BRDA:58,15,1,0
BRF:35
BRH:0
end_of_record
TN:
SF:src/services/produtoService.js
FN:7,(anonymous_0)
FN:12,(anonymous_1)
FN:20,(anonymous_2)
FN:27,(anonymous_3)
FN:40,(anonymous_4)
FN:55,(anonymous_5)
FN:61,(anonymous_6)
FN:71,(anonymous_7)
FN:80,(anonymous_8)
FN:95,(anonymous_9)
FN:112,(anonymous_10)
FN:129,(anonymous_11)
FN:155,(anonymous_12)
FN:181,(anonymous_13)
FN:207,(anonymous_14)
FN:239,(anonymous_15)
FN:260,(anonymous_16)
FN:266,(anonymous_17)
FN:283,(anonymous_18)
FNF:19
FNH:19
FNDA:27,(anonymous_0)
FNDA:3,(anonymous_1)
FNDA:2,(anonymous_2)
FNDA:2,(anonymous_3)
FNDA:1,(anonymous_4)
FNDA:2,(anonymous_5)
FNDA:2,(anonymous_6)
FNDA:1,(anonymous_7)
FNDA:3,(anonymous_8)
FNDA:2,(anonymous_9)
FNDA:2,(anonymous_10)
FNDA:2,(anonymous_11)
FNDA:2,(anonymous_12)
FNDA:2,(anonymous_13)
FNDA:3,(anonymous_14)
FNDA:2,(anonymous_15)
FNDA:1,(anonymous_16)
FNDA:2,(anonymous_17)
FNDA:2,(anonymous_18)
DA:8,27
DA:14,3
DA:15,1
DA:16,1
DA:19,1
DA:20,1
DA:21,2
DA:22,2
DA:23,2
DA:27,1
DA:28,2
DA:29,2
DA:30,2
DA:33,1
DA:34,2
DA:36,1
DA:37,1
DA:39,1
DA:40,1
DA:41,1
DA:42,1
DA:43,1
DA:46,1
DA:47,1
DA:48,1
DA:49,1
DA:51,1
DA:52,1
DA:54,1
DA:55,1
DA:56,2
DA:57,2
DA:58,2
DA:61,1
DA:62,2
DA:63,2
DA:64,2
DA:68,0
DA:72,1
DA:73,1
DA:74,1
DA:76,1
DA:77,1
DA:81,3
DA:83,3
DA:84,2
DA:87,3
DA:88,2
DA:91,3
DA:92,3
DA:96,2
DA:98,2
DA:99,1
DA:108,1
DA:109,1
DA:113,2
DA:115,2
DA:116,1
DA:125,1
DA:126,1
DA:130,2
DA:132,2
DA:133,1
DA:142,1
DA:151,1
DA:152,1
DA:156,2
DA:158,2
DA:159,1
DA:168,1
DA:177,1
DA:178,1
DA:182,2
DA:184,2
DA:185,1
DA:194,1
DA:203,1
DA:204,1
DA:208,3
DA:210,3
DA:211,1
DA:220,2
DA:229,2
DA:230,1
DA:232,1
DA:235,2
DA:236,2
DA:240,2
DA:242,2
DA:243,1
DA:252,1
DA:253,1
DA:254,1
DA:256,0
DA:261,1
DA:262,1
DA:263,1
DA:267,2
DA:269,2
DA:270,1
DA:279,1
DA:280,1
DA:284,2
DA:286,2
DA:287,1
DA:296,1
DA:297,1
LF:107
LH:105
BRDA:14,0,0,1
BRDA:14,0,1,2
BRDA:14,1,0,3
BRDA:14,1,1,1
BRDA:28,2,0,0
BRDA:28,2,1,2
BRDA:29,3,0,2
BRDA:29,3,1,2
BRDA:34,4,0,1
BRDA:34,4,1,1
BRDA:34,5,0,2
BRDA:34,5,1,2
BRDA:34,5,2,2
BRDA:46,6,0,0
BRDA:46,6,1,1
BRDA:47,7,0,1
BRDA:47,7,1,1
BRDA:49,8,0,1
BRDA:49,8,1,0
BRDA:49,9,0,1
BRDA:49,9,1,1
BRDA:62,10,0,0
BRDA:62,10,1,2
BRDA:63,11,0,2
BRDA:63,11,1,2
BRDA:83,12,0,2
BRDA:83,12,1,1
BRDA:87,13,0,2
BRDA:87,13,1,1
BRDA:98,14,0,1
BRDA:98,14,1,1
BRDA:115,15,0,1
BRDA:115,15,1,1
BRDA:129,16,0,2
BRDA:129,17,0,2
BRDA:132,18,0,1
BRDA:132,18,1,1
BRDA:132,19,0,2
BRDA:132,19,1,1
BRDA:155,20,0,2
BRDA:155,21,0,2
BRDA:158,22,0,1
BRDA:158,22,1,1
BRDA:158,23,0,2
BRDA:158,23,1,1
BRDA:181,24,0,2
BRDA:181,25,0,2
BRDA:184,26,0,1
BRDA:184,26,1,1
BRDA:184,27,0,2
BRDA:184,27,1,1
BRDA:207,28,0,2
BRDA:207,29,0,2
BRDA:207,30,0,2
BRDA:210,31,0,1
BRDA:210,31,1,2
BRDA:210,32,0,3
BRDA:210,32,1,2
BRDA:210,32,2,2
BRDA:214,33,0,0
BRDA:214,33,1,1
BRDA:216,34,0,0
BRDA:216,34,1,1
BRDA:229,35,0,1
BRDA:229,35,1,1
BRDA:242,36,0,1
BRDA:242,36,1,1
BRDA:269,37,0,1
BRDA:269,37,1,1
BRDA:286,38,0,1
BRDA:286,38,1,1
BRF:71
BRH:65
end_of_record
TN:
SF:src/utils/errors/AuthenticationError.js
FN:3,(anonymous_0)
FNF:1
FNH:0
FNDA:0,(anonymous_0)
DA:4,0
DA:5,0
DA:6,0
DA:7,0
LF:4
LH:0
BRF:0
BRH:0
end_of_record
TN:
SF:src/utils/errors/TokenExpiredError.js
FN:3,(anonymous_0)
FNF:1
FNH:0
FNDA:0,(anonymous_0)
DA:4,0
DA:5,0
DA:6,0
DA:7,0
LF:4
LH:0
BRF:0
BRH:0
end_of_record
TN:
SF:src/utils/helpers/CommonResponse.js
FN:6,(anonymous_0)
FN:12,(anonymous_1)
FN:20,(anonymous_2)
FN:26,(anonymous_3)
FN:32,(anonymous_4)
FN:36,(anonymous_5)
FN:49,(anonymous_6)
FNF:7
FNH:0
FNDA:0,(anonymous_0)
FNDA:0,(anonymous_1)
FNDA:0,(anonymous_2)
FNDA:0,(anonymous_3)
FNDA:0,(anonymous_4)
FNDA:0,(anonymous_5)
FNDA:0,(anonymous_6)
DA:7,0
DA:8,0
DA:9,0
DA:13,0
DA:21,0
DA:22,0
DA:23,0
DA:27,0
DA:28,0
DA:29,0
DA:33,0
DA:37,0
DA:38,0
DA:39,0
DA:50,0
LF:15
LH:0
BRDA:6,0,0,0
BRDA:6,1,0,0
BRDA:20,2,0,0
BRDA:20,3,0,0
BRDA:21,4,0,0
BRDA:21,4,1,0
BRDA:26,5,0,0
BRDA:26,6,0,0
BRDA:26,7,0,0
BRDA:27,8,0,0
BRDA:27,8,1,0
BRDA:32,9,0,0
BRDA:36,10,0,0
BRDA:37,11,0,0
BRDA:37,11,1,0
BRDA:49,12,0,0
BRDA:49,13,0,0
BRDA:53,14,0,0
BRDA:53,14,1,0
BRF:19
BRH:0
end_of_record
TN:
SF:src/utils/helpers/CustomError.js
FN:24,(anonymous_0)
FNF:1
FNH:1
FNDA:9,(anonymous_0)
DA:26,9
DA:27,9
DA:28,9
DA:29,9
DA:30,9
DA:31,9
DA:32,9
DA:34,9
DA:35,9
LF:9
LH:9
BRDA:24,0,0,0
BRDA:24,1,0,0
BRDA:24,2,0,0
BRDA:24,3,0,0
BRDA:26,4,0,9
BRDA:26,4,1,0
BRF:6
BRH:1
end_of_record
TN:
SF:src/utils/helpers/HttpStatusCodes.js
FNF:0
FNH:0
DA:4,2
DA:5,2
DA:6,2
DA:7,2
DA:8,2
DA:9,2
DA:10,2
DA:11,2
DA:13,2
DA:14,2
DA:15,2
DA:16,2
DA:17,2
DA:18,2
DA:19,2
DA:20,2
DA:22,2
DA:23,2
DA:24,2
DA:25,2
DA:26,2
DA:27,2
DA:28,2
DA:29,2
DA:30,2
DA:31,2
DA:32,2
DA:33,2
DA:34,2
DA:35,2
DA:36,2
DA:38,2
DA:39,2
DA:40,2
DA:41,2
LF:35
LH:35
BRF:0
BRH:0
end_of_record
TN:
SF:src/utils/helpers/StatusService.js
FN:12,(anonymous_0)
FN:13,(anonymous_1)
FN:23,(anonymous_2)
FNF:3
FNH:0
FNDA:0,(anonymous_0)
FNDA:0,(anonymous_1)
FNDA:0,(anonymous_2)
DA:13,0
DA:14,0
DA:24,0
DA:25,0
DA:26,0
DA:28,0
DA:30,0
LF:7
LH:0
BRDA:14,0,0,0
BRDA:14,0,1,0
BRDA:23,1,0,0
BRDA:24,2,0,0
BRDA:24,2,1,0
BRDA:25,3,0,0
BRDA:25,3,1,0
BRF:7
BRH:0
end_of_record
TN:
SF:src/utils/helpers/errorHandler.js
FN:22,(anonymous_0)
FN:37,(anonymous_1)
FN:59,(anonymous_2)
FNF:3
FNH:0
FNDA:0,(anonymous_0)
FNDA:0,(anonymous_1)
FNDA:0,(anonymous_2)
DA:22,2
DA:24,0
DA:26,0
DA:27,0
DA:30,0
DA:32,0
DA:37,0
DA:43,0
DA:44,0
DA:45,0
DA:47,0
DA:58,0
DA:59,0
DA:61,0
DA:65,0
DA:67,0
DA:78,0
DA:80,0
DA:91,0
DA:93,0
DA:105,0
DA:109,0
LF:22
LH:1
BRDA:27,0,0,0
BRDA:27,0,1,0
BRDA:30,1,0,0
BRDA:30,1,1,0
BRDA:43,2,0,0
BRDA:43,2,1,0
BRDA:44,3,0,0
BRDA:44,3,1,0
BRDA:45,4,0,0
BRDA:45,4,1,0
BRDA:58,5,0,0
BRDA:58,5,1,0
BRDA:65,6,0,0
BRDA:65,6,1,0
BRDA:65,7,0,0
BRDA:65,7,1,0
BRDA:78,8,0,0
BRDA:78,8,1,0
BRDA:78,9,0,0
BRDA:78,9,1,0
BRDA:82,10,0,0
BRDA:82,10,1,0
BRDA:85,11,0,0
BRDA:85,11,1,0
BRDA:86,12,0,0
BRDA:86,12,1,0
BRDA:91,13,0,0
BRDA:91,13,1,0
BRDA:96,14,0,0
BRDA:96,14,1,0
BRDA:97,15,0,0
BRDA:97,15,1,0
BRDA:98,16,0,0
BRDA:98,16,1,0
BRDA:99,17,0,0
BRDA:99,17,1,0
BRDA:105,18,0,0
BRDA:105,18,1,0
BRF:38
BRH:0
end_of_record
TN:
SF:src/utils/helpers/index.js
FNF:0
FNH:0
LF:0
LH:0
BRF:0
BRH:0
end_of_record
TN:
SF:src/utils/helpers/messages.js
FN:7,(anonymous_0)
FN:33,(anonymous_1)
FN:34,(anonymous_2)
FN:35,(anonymous_3)
FN:36,(anonymous_4)
FN:37,(anonymous_5)
FN:38,(anonymous_6)
FN:39,(anonymous_7)
FN:40,(anonymous_8)
FN:41,(anonymous_9)
FN:42,(anonymous_10)
FN:48,(anonymous_11)
FN:49,(anonymous_12)
FN:50,(anonymous_13)
FN:51,(anonymous_14)
FN:52,(anonymous_15)
FN:53,(anonymous_16)
FN:54,(anonymous_17)
FN:55,(anonymous_18)
FN:56,(anonymous_19)
FN:57,(anonymous_20)
FN:60,(anonymous_21)
FN:86,(anonymous_22)
FN:88,(anonymous_23)
FN:93,(anonymous_24)
FNF:25
FNH:0
FNDA:0,(anonymous_0)
FNDA:0,(anonymous_1)
FNDA:0,(anonymous_2)
FNDA:0,(anonymous_3)
FNDA:0,(anonymous_4)
FNDA:0,(anonymous_5)
FNDA:0,(anonymous_6)
FNDA:0,(anonymous_7)
FNDA:0,(anonymous_8)
FNDA:0,(anonymous_9)
FNDA:0,(anonymous_10)
FNDA:0,(anonymous_11)
FNDA:0,(anonymous_12)
FNDA:0,(anonymous_13)
FNDA:0,(anonymous_14)
FNDA:0,(anonymous_15)
FNDA:0,(anonymous_16)
FNDA:0,(anonymous_17)
FNDA:0,(anonymous_18)
FNDA:0,(anonymous_19)
FNDA:0,(anonymous_20)
FNDA:0,(anonymous_21)
FNDA:0,(anonymous_22)
FNDA:0,(anonymous_23)
FNDA:0,(anonymous_24)
DA:3,2
DA:7,0
DA:33,0
DA:34,0
DA:35,0
DA:36,0
DA:37,0
DA:38,0
DA:39,0
DA:40,0
DA:41,0
DA:42,0
DA:48,0
DA:49,0
DA:50,0
DA:51,0
DA:52,0
DA:53,0
DA:54,0
DA:55,0
DA:56,0
DA:57,0
DA:60,0
DA:86,0
DA:88,0
DA:93,0
LF:26
LH:1
BRF:0
BRH:0
end_of_record
